# JRE version: OpenJDK Runtime Environment (8.0_152-b02) (build 1.8.0_152-release-1024-b02)
# Java VM: OpenJDK 64-Bit Server VM (25.152-b02 mixed mode windows-amd64 compressed oops)
Heap:
 PSYoungGen      total 100864K, used 27063K [0x00000000e0000000, 0x00000000e7100000, 0x0000000100000000)
  eden space 90624K, 21% used [0x00000000e0000000,0x00000000e133c4b8,0x00000000e5880000)
  from space 10240K, 71% used [0x00000000e6280000,0x00000000e69b1a90,0x00000000e6c80000)
  to   space 10240K, 0% used [0x00000000e5880000,0x00000000e5880000,0x00000000e6280000)
 ParOldGen       total 83968K, used 15878K [0x00000000a0000000, 0x00000000a5200000, 0x00000000e0000000)
  object space 83968K, 18% used [0x00000000a0000000,0x00000000a0f81978,0x00000000a5200000)
 Metaspace       used 39949K, capacity 40686K, committed 41088K, reserved 1085440K
  class space    used 5410K, capacity 5635K, committed 5760K, reserved 1048576K
GC Heap History (10 events):
Event: 8.234 GC heap before
{Heap before GC invocations=8 (full 1):
 PSYoungGen      total 62464K, used 62001K [0x00000000e0000000, 0x00000000e4f80000, 0x0000000100000000)
  eden space 57856K, 100% used [0x00000000e0000000,0x00000000e3880000,0x00000000e3880000)
  from space 4608K, 89% used [0x00000000e4b00000,0x00000000e4f0c598,0x00000000e4f80000)
  to   space 10240K, 0% used [0x00000000e3b80000,0x00000000e3b80000,0x00000000e4580000)
 ParOldGen       total 61440K, used 7964K [0x00000000a0000000, 0x00000000a3c00000, 0x00000000e0000000)
  object space 61440K, 12% used [0x00000000a0000000,0x00000000a07c7228,0x00000000a3c00000)
 Metaspace       used 28098K, capacity 28592K, committed 28672K, reserved 1073152K
  class space    used 3929K, capacity 4085K, committed 4096K, reserved 1048576K
Event: 8.245 GC heap after
Heap after GC invocations=8 (full 1):
 PSYoungGen      total 68096K, used 6996K [0x00000000e0000000, 0x00000000e4f80000, 0x0000000100000000)
  eden space 57856K, 0% used [0x00000000e0000000,0x00000000e0000000,0x00000000e3880000)
  from space 10240K, 68% used [0x00000000e3b80000,0x00000000e4255388,0x00000000e4580000)
  to   space 4608K, 0% used [0x00000000e4b00000,0x00000000e4b00000,0x00000000e4f80000)
 ParOldGen       total 61440K, used 7972K [0x00000000a0000000, 0x00000000a3c00000, 0x00000000e0000000)
  object space 61440K, 12% used [0x00000000a0000000,0x00000000a07c9228,0x00000000a3c00000)
 Metaspace       used 28098K, capacity 28592K, committed 28672K, reserved 1073152K
  class space    used 3929K, capacity 4085K, committed 4096K, reserved 1048576K
}
Event: 55.694 GC heap before
{Heap before GC invocations=9 (full 1):
 PSYoungGen      total 68096K, used 64852K [0x00000000e0000000, 0x00000000e4f80000, 0x0000000100000000)
  eden space 57856K, 100% used [0x00000000e0000000,0x00000000e3880000,0x00000000e3880000)
  from space 10240K, 68% used [0x00000000e3b80000,0x00000000e4255388,0x00000000e4580000)
  to   space 4608K, 0% used [0x00000000e4b00000,0x00000000e4b00000,0x00000000e4f80000)
 ParOldGen       total 61440K, used 7972K [0x00000000a0000000, 0x00000000a3c00000, 0x00000000e0000000)
  object space 61440K, 12% used [0x00000000a0000000,0x00000000a07c9228,0x00000000a3c00000)
 Metaspace       used 30540K, capacity 31124K, committed 31360K, reserved 1077248K
  class space    used 4254K, capacity 4453K, committed 4480K, reserved 1048576K
Event: 55.728 GC heap after
Heap after GC invocations=9 (full 1):
 PSYoungGen      total 70656K, used 4576K [0x00000000e0000000, 0x00000000e7080000, 0x0000000100000000)
  eden space 66048K, 0% used [0x00000000e0000000,0x00000000e0000000,0x00000000e4080000)
  from space 4608K, 99% used [0x00000000e4b00000,0x00000000e4f78020,0x00000000e4f80000)
  to   space 10752K, 0% used [0x00000000e4080000,0x00000000e4080000,0x00000000e4b00000)
 ParOldGen       total 61440K, used 12163K [0x00000000a0000000, 0x00000000a3c00000, 0x00000000e0000000)
  object space 61440K, 19% used [0x00000000a0000000,0x00000000a0be0e80,0x00000000a3c00000)
 Metaspace       used 30540K, capacity 31124K, committed 31360K, reserved 1077248K
  class space    used 4254K, capacity 4453K, committed 4480K, reserved 1048576K
}
Event: 56.440 GC heap before
{Heap before GC invocations=10 (full 1):
 PSYoungGen      total 70656K, used 26529K [0x00000000e0000000, 0x00000000e7080000, 0x0000000100000000)
  eden space 66048K, 33% used [0x00000000e0000000,0x00000000e15705d0,0x00000000e4080000)
  from space 4608K, 99% used [0x00000000e4b00000,0x00000000e4f78020,0x00000000e4f80000)
  to   space 10752K, 0% used [0x00000000e4080000,0x00000000e4080000,0x00000000e4b00000)
 ParOldGen       total 61440K, used 12163K [0x00000000a0000000, 0x00000000a3c00000, 0x00000000e0000000)
  object space 61440K, 19% used [0x00000000a0000000,0x00000000a0be0e80,0x00000000a3c00000)
 Metaspace       used 34652K, capacity 35320K, committed 35416K, reserved 1079296K
  class space    used 4770K, capacity 4984K, committed 4992K, reserved 1048576K
Event: 56.452 GC heap after
Heap after GC invocations=10 (full 1):
 PSYoungGen      total 76800K, used 6709K [0x00000000e0000000, 0x00000000e6c80000, 0x0000000100000000)
  eden space 66048K, 0% used [0x00000000e0000000,0x00000000e0000000,0x00000000e4080000)
  from space 10752K, 62% used [0x00000000e4080000,0x00000000e470d760,0x00000000e4b00000)
  to   space 10240K, 0% used [0x00000000e6280000,0x00000000e6280000,0x00000000e6c80000)
 ParOldGen       total 61440K, used 13167K [0x00000000a0000000, 0x00000000a3c00000, 0x00000000e0000000)
  object space 61440K, 21% used [0x00000000a0000000,0x00000000a0cdbee0,0x00000000a3c00000)
 Metaspace       used 34652K, capacity 35320K, committed 35416K, reserved 1079296K
  class space    used 4770K, capacity 4984K, committed 4992K, reserved 1048576K
}
Event: 56.453 GC heap before
{Heap before GC invocations=11 (full 2):
 PSYoungGen      total 76800K, used 6709K [0x00000000e0000000, 0x00000000e6c80000, 0x0000000100000000)
  eden space 66048K, 0% used [0x00000000e0000000,0x00000000e0000000,0x00000000e4080000)
  from space 10752K, 62% used [0x00000000e4080000,0x00000000e470d760,0x00000000e4b00000)
  to   space 10240K, 0% used [0x00000000e6280000,0x00000000e6280000,0x00000000e6c80000)
 ParOldGen       total 61440K, used 13167K [0x00000000a0000000, 0x00000000a3c00000, 0x00000000e0000000)
  object space 61440K, 21% used [0x00000000a0000000,0x00000000a0cdbee0,0x00000000a3c00000)
 Metaspace       used 34652K, capacity 35320K, committed 35416K, reserved 1079296K
  class space    used 4770K, capacity 4984K, committed 4992K, reserved 1048576K
Event: 56.560 GC heap after
Heap after GC invocations=11 (full 2):
 PSYoungGen      total 76800K, used 0K [0x00000000e0000000, 0x00000000e6c80000, 0x0000000100000000)
  eden space 66048K, 0% used [0x00000000e0000000,0x00000000e0000000,0x00000000e4080000)
  from space 10752K, 0% used [0x00000000e4080000,0x00000000e4080000,0x00000000e4b00000)
  to   space 10240K, 0% used [0x00000000e6280000,0x00000000e6280000,0x00000000e6c80000)
 ParOldGen       total 83968K, used 15870K [0x00000000a0000000, 0x00000000a5200000, 0x00000000e0000000)
  object space 83968K, 18% used [0x00000000a0000000,0x00000000a0f7f978,0x00000000a5200000)
 Metaspace       used 34652K, capacity 35320K, committed 35416K, reserved 1079296K
  class space    used 4770K, capacity 4984K, committed 4992K, reserved 1048576K
}
Event: 57.621 GC heap before
{Heap before GC invocations=12 (full 2):
 PSYoungGen      total 76800K, used 66048K [0x00000000e0000000, 0x00000000e6c80000, 0x0000000100000000)
  eden space 66048K, 100% used [0x00000000e0000000,0x00000000e4080000,0x00000000e4080000)
  from space 10752K, 0% used [0x00000000e4080000,0x00000000e4080000,0x00000000e4b00000)
  to   space 10240K, 0% used [0x00000000e6280000,0x00000000e6280000,0x00000000e6c80000)
 ParOldGen       total 83968K, used 15870K [0x00000000a0000000, 0x00000000a5200000, 0x00000000e0000000)
  object space 83968K, 18% used [0x00000000a0000000,0x00000000a0f7f978,0x00000000a5200000)
 Metaspace       used 38403K, capacity 39166K, committed 39552K, reserved 1083392K
  class space    used 5214K, capacity 5455K, committed 5504K, reserved 1048576K
Event: 57.643 GC heap after
Heap after GC invocations=12 (full 2):
 PSYoungGen      total 100864K, used 7366K [0x00000000e0000000, 0x00000000e7100000, 0x0000000100000000)
  eden space 90624K, 0% used [0x00000000e0000000,0x00000000e0000000,0x00000000e5880000)
  from space 10240K, 71% used [0x00000000e6280000,0x00000000e69b1a90,0x00000000e6c80000)
  to   space 10240K, 0% used [0x00000000e5880000,0x00000000e5880000,0x00000000e6280000)
 ParOldGen       total 83968K, used 15878K [0x00000000a0000000, 0x00000000a5200000, 0x00000000e0000000)
  object space 83968K, 18% used [0x00000000a0000000,0x00000000a0f81978,0x00000000a5200000)
 Metaspace       used 38403K, capacity 39166K, committed 39552K, reserved 1083392K
  class space    used 5214K, capacity 5455K, committed 5504K, reserved 1048576K
}

