# JRE version: OpenJDK Runtime Environment (8.0_152-b02) (build 1.8.0_152-release-1024-b02)
# Java VM: OpenJDK 64-Bit Server VM (25.152-b02 mixed mode windows-amd64 compressed oops)
Heap:
 PSYoungGen      total 127488K, used 19618K [0x00000000e0000000, 0x00000000eaa80000, 0x0000000100000000)
  eden space 116736K, 7% used [0x00000000e0000000,0x00000000e08af3d8,0x00000000e7200000)
  from space 10752K, 99% used [0x00000000e7200000,0x00000000e7c79518,0x00000000e7c80000)
  to   space 14336K, 0% used [0x00000000e9c80000,0x00000000e9c80000,0x00000000eaa80000)
 ParOldGen       total 84480K, used 20818K [0x00000000a0000000, 0x00000000a5280000, 0x00000000e0000000)
  object space 84480K, 24% used [0x00000000a0000000,0x00000000a14549b0,0x00000000a5280000)
 Metaspace       used 48548K, capacity 49861K, committed 50048K, reserved 1091584K
  class space    used 6606K, capacity 6984K, committed 7040K, reserved 1048576K
GC Heap History (10 events):
Event: 11.873 GC heap before
{Heap before GC invocations=9 (full 1):
 PSYoungGen      total 70656K, used 66752K [0x00000000e0000000, 0x00000000e6400000, 0x0000000100000000)
  eden space 60416K, 100% used [0x00000000e0000000,0x00000000e3b00000,0x00000000e3b00000)
  from space 10240K, 61% used [0x00000000e3b00000,0x00000000e4130250,0x00000000e4500000)
  to   space 9728K, 0% used [0x00000000e5a80000,0x00000000e5a80000,0x00000000e6400000)
 ParOldGen       total 59392K, used 8111K [0x00000000a0000000, 0x00000000a3a00000, 0x00000000e0000000)
  object space 59392K, 13% used [0x00000000a0000000,0x00000000a07ebf80,0x00000000a3a00000)
 Metaspace       used 32972K, capacity 33654K, committed 33792K, reserved 1079296K
  class space    used 4600K, capacity 4861K, committed 4864K, reserved 1048576K
Event: 11.897 GC heap after
Heap after GC invocations=9 (full 1):
 PSYoungGen      total 91136K, used 9707K [0x00000000e0000000, 0x00000000e7200000, 0x0000000100000000)
  eden space 81408K, 0% used [0x00000000e0000000,0x00000000e0000000,0x00000000e4f80000)
  from space 9728K, 99% used [0x00000000e5a80000,0x00000000e63fada0,0x00000000e6400000)
  to   space 11264K, 0% used [0x00000000e4f80000,0x00000000e4f80000,0x00000000e5a80000)
 ParOldGen       total 59392K, used 8607K [0x00000000a0000000, 0x00000000a3a00000, 0x00000000e0000000)
  object space 59392K, 14% used [0x00000000a0000000,0x00000000a0867e38,0x00000000a3a00000)
 Metaspace       used 32972K, capacity 33654K, committed 33792K, reserved 1079296K
  class space    used 4600K, capacity 4861K, committed 4864K, reserved 1048576K
}
Event: 12.165 GC heap before
{Heap before GC invocations=10 (full 1):
 PSYoungGen      total 91136K, used 19888K [0x00000000e0000000, 0x00000000e7200000, 0x0000000100000000)
  eden space 81408K, 12% used [0x00000000e0000000,0x00000000e09f1518,0x00000000e4f80000)
  from space 9728K, 99% used [0x00000000e5a80000,0x00000000e63fada0,0x00000000e6400000)
  to   space 11264K, 0% used [0x00000000e4f80000,0x00000000e4f80000,0x00000000e5a80000)
 ParOldGen       total 59392K, used 8607K [0x00000000a0000000, 0x00000000a3a00000, 0x00000000e0000000)
  object space 59392K, 14% used [0x00000000a0000000,0x00000000a0867e38,0x00000000a3a00000)
 Metaspace       used 34490K, capacity 35197K, committed 35416K, reserved 1079296K
  class space    used 4759K, capacity 4992K, committed 4992K, reserved 1048576K
Event: 12.193 GC heap after
Heap after GC invocations=10 (full 1):
 PSYoungGen      total 92672K, used 6783K [0x00000000e0000000, 0x00000000e8900000, 0x0000000100000000)
  eden space 81408K, 0% used [0x00000000e0000000,0x00000000e0000000,0x00000000e4f80000)
  from space 11264K, 60% used [0x00000000e4f80000,0x00000000e561fef8,0x00000000e5a80000)
  to   space 10752K, 0% used [0x00000000e7e80000,0x00000000e7e80000,0x00000000e8900000)
 ParOldGen       total 59392K, used 10099K [0x00000000a0000000, 0x00000000a3a00000, 0x00000000e0000000)
  object space 59392K, 17% used [0x00000000a0000000,0x00000000a09dceb8,0x00000000a3a00000)
 Metaspace       used 34490K, capacity 35197K, committed 35416K, reserved 1079296K
  class space    used 4759K, capacity 4992K, committed 4992K, reserved 1048576K
}
Event: 12.193 GC heap before
{Heap before GC invocations=11 (full 2):
 PSYoungGen      total 92672K, used 6783K [0x00000000e0000000, 0x00000000e8900000, 0x0000000100000000)
  eden space 81408K, 0% used [0x00000000e0000000,0x00000000e0000000,0x00000000e4f80000)
  from space 11264K, 60% used [0x00000000e4f80000,0x00000000e561fef8,0x00000000e5a80000)
  to   space 10752K, 0% used [0x00000000e7e80000,0x00000000e7e80000,0x00000000e8900000)
 ParOldGen       total 59392K, used 10099K [0x00000000a0000000, 0x00000000a3a00000, 0x00000000e0000000)
  object space 59392K, 17% used [0x00000000a0000000,0x00000000a09dceb8,0x00000000a3a00000)
 Metaspace       used 34490K, capacity 35197K, committed 35416K, reserved 1079296K
  class space    used 4759K, capacity 4992K, committed 4992K, reserved 1048576K
Event: 12.338 GC heap after
Heap after GC invocations=11 (full 2):
 PSYoungGen      total 92672K, used 0K [0x00000000e0000000, 0x00000000e8900000, 0x0000000100000000)
  eden space 81408K, 0% used [0x00000000e0000000,0x00000000e0000000,0x00000000e4f80000)
  from space 11264K, 0% used [0x00000000e4f80000,0x00000000e4f80000,0x00000000e5a80000)
  to   space 10752K, 0% used [0x00000000e7e80000,0x00000000e7e80000,0x00000000e8900000)
 ParOldGen       total 84480K, used 14935K [0x00000000a0000000, 0x00000000a5280000, 0x00000000e0000000)
  object space 84480K, 17% used [0x00000000a0000000,0x00000000a0e95d60,0x00000000a5280000)
 Metaspace       used 34490K, capacity 35197K, committed 35416K, reserved 1079296K
  class space    used 4759K, capacity 4992K, committed 4992K, reserved 1048576K
}
Event: 14.302 GC heap before
{Heap before GC invocations=12 (full 2):
 PSYoungGen      total 92672K, used 81408K [0x00000000e0000000, 0x00000000e8900000, 0x0000000100000000)
  eden space 81408K, 100% used [0x00000000e0000000,0x00000000e4f80000,0x00000000e4f80000)
  from space 11264K, 0% used [0x00000000e4f80000,0x00000000e4f80000,0x00000000e5a80000)
  to   space 10752K, 0% used [0x00000000e7e80000,0x00000000e7e80000,0x00000000e8900000)
 ParOldGen       total 84480K, used 14935K [0x00000000a0000000, 0x00000000a5280000, 0x00000000e0000000)
  object space 84480K, 17% used [0x00000000a0000000,0x00000000a0e95d60,0x00000000a5280000)
 Metaspace       used 39275K, capacity 40109K, committed 40320K, reserved 1083392K
  class space    used 5366K, capacity 5641K, committed 5760K, reserved 1048576K
Event: 14.328 GC heap after
Heap after GC invocations=12 (full 2):
 PSYoungGen      total 118784K, used 8383K [0x00000000e0000000, 0x00000000e8700000, 0x0000000100000000)
  eden space 110080K, 0% used [0x00000000e0000000,0x00000000e0000000,0x00000000e6b80000)
  from space 8704K, 96% used [0x00000000e7e80000,0x00000000e86affc8,0x00000000e8700000)
  to   space 10752K, 0% used [0x00000000e7200000,0x00000000e7200000,0x00000000e7c80000)
 ParOldGen       total 84480K, used 14943K [0x00000000a0000000, 0x00000000a5280000, 0x00000000e0000000)
  object space 84480K, 17% used [0x00000000a0000000,0x00000000a0e97d60,0x00000000a5280000)
 Metaspace       used 39275K, capacity 40109K, committed 40320K, reserved 1083392K
  class space    used 5366K, capacity 5641K, committed 5760K, reserved 1048576K
}
Event: 18.022 GC heap before
{Heap before GC invocations=13 (full 2):
 PSYoungGen      total 118784K, used 118463K [0x00000000e0000000, 0x00000000e8700000, 0x0000000100000000)
  eden space 110080K, 100% used [0x00000000e0000000,0x00000000e6b80000,0x00000000e6b80000)
  from space 8704K, 96% used [0x00000000e7e80000,0x00000000e86affc8,0x00000000e8700000)
  to   space 10752K, 0% used [0x00000000e7200000,0x00000000e7200000,0x00000000e7c80000)
 ParOldGen       total 84480K, used 14943K [0x00000000a0000000, 0x00000000a5280000, 0x00000000e0000000)
  object space 84480K, 17% used [0x00000000a0000000,0x00000000a0e97d60,0x00000000a5280000)
 Metaspace       used 47733K, capacity 48985K, committed 49152K, reserved 1091584K
  class space    used 6473K, capacity 6842K, committed 6912K, reserved 1048576K
Event: 18.067 GC heap after
Heap after GC invocations=13 (full 2):
 PSYoungGen      total 127488K, used 10725K [0x00000000e0000000, 0x00000000eaa80000, 0x0000000100000000)
  eden space 116736K, 0% used [0x00000000e0000000,0x00000000e0000000,0x00000000e7200000)
  from space 10752K, 99% used [0x00000000e7200000,0x00000000e7c79518,0x00000000e7c80000)
  to   space 14336K, 0% used [0x00000000e9c80000,0x00000000e9c80000,0x00000000eaa80000)
 ParOldGen       total 84480K, used 20818K [0x00000000a0000000, 0x00000000a5280000, 0x00000000e0000000)
  object space 84480K, 24% used [0x00000000a0000000,0x00000000a14549b0,0x00000000a5280000)
 Metaspace       used 47733K, capacity 48985K, committed 49152K, reserved 1091584K
  class space    used 6473K, capacity 6842K, committed 6912K, reserved 1048576K
}

