# JRE version: OpenJDK Runtime Environment (8.0_152-b02) (build 1.8.0_152-release-1024-b02)
# Java VM: OpenJDK 64-Bit Server VM (25.152-b02 mixed mode windows-amd64 compressed oops)
Heap:
 PSYoungGen      total 162304K, used 124215K [0x00000000e0000000, 0x00000000ed500000, 0x0000000100000000)
  eden space 138240K, 72% used [0x00000000e0000000,0x00000000e61d57a0,0x00000000e8700000)
  from space 24064K, 99% used [0x00000000e8700000,0x00000000e9e78698,0x00000000e9e80000)
  to   space 27648K, 0% used [0x00000000eba00000,0x00000000eba00000,0x00000000ed500000)
 ParOldGen       total 92672K, used 42764K [0x00000000a0000000, 0x00000000a5a80000, 0x00000000e0000000)
  object space 92672K, 46% used [0x00000000a0000000,0x00000000a29c31f8,0x00000000a5a80000)
 Metaspace       used 73897K, capacity 76776K, committed 76888K, reserved 1116160K
  class space    used 10008K, capacity 10602K, committed 10624K, reserved 1048576K
GC Heap History (10 events):
Event: 20.867 GC heap before
{Heap before GC invocations=14 (full 2):
 PSYoungGen      total 111104K, used 111089K [0x00000000e0000000, 0x00000000e9000000, 0x0000000100000000)
  eden space 100352K, 100% used [0x00000000e0000000,0x00000000e6200000,0x00000000e6200000)
  from space 10752K, 99% used [0x00000000e6200000,0x00000000e6c7c620,0x00000000e6c80000)
  to   space 13824K, 0% used [0x00000000e8280000,0x00000000e8280000,0x00000000e9000000)
 ParOldGen       total 92672K, used 19535K [0x00000000a0000000, 0x00000000a5a80000, 0x00000000e0000000)
  object space 92672K, 21% used [0x00000000a0000000,0x00000000a1313f68,0x00000000a5a80000)
 Metaspace       used 52788K, capacity 54476K, committed 54616K, reserved 1095680K
  class space    used 7283K, capacity 7728K, committed 7808K, reserved 1048576K
Event: 20.907 GC heap after
Heap after GC invocations=14 (full 2):
 PSYoungGen      total 129024K, used 13813K [0x00000000e0000000, 0x00000000e9f00000, 0x0000000100000000)
  eden space 115200K, 0% used [0x00000000e0000000,0x00000000e0000000,0x00000000e7080000)
  from space 13824K, 99% used [0x00000000e8280000,0x00000000e8ffd520,0x00000000e9000000)
  to   space 18432K, 0% used [0x00000000e7080000,0x00000000e7080000,0x00000000e8280000)
 ParOldGen       total 92672K, used 27582K [0x00000000a0000000, 0x00000000a5a80000, 0x00000000e0000000)
  object space 92672K, 29% used [0x00000000a0000000,0x00000000a1aefbc0,0x00000000a5a80000)
 Metaspace       used 52788K, capacity 54476K, committed 54616K, reserved 1095680K
  class space    used 7283K, capacity 7728K, committed 7808K, reserved 1048576K
}
Event: 24.637 GC heap before
{Heap before GC invocations=15 (full 2):
 PSYoungGen      total 129024K, used 84975K [0x00000000e0000000, 0x00000000e9f00000, 0x0000000100000000)
  eden space 115200K, 61% used [0x00000000e0000000,0x00000000e457e728,0x00000000e7080000)
  from space 13824K, 99% used [0x00000000e8280000,0x00000000e8ffd520,0x00000000e9000000)
  to   space 18432K, 0% used [0x00000000e7080000,0x00000000e7080000,0x00000000e8280000)
 ParOldGen       total 92672K, used 27582K [0x00000000a0000000, 0x00000000a5a80000, 0x00000000e0000000)
  object space 92672K, 29% used [0x00000000a0000000,0x00000000a1aefbc0,0x00000000a5a80000)
 Metaspace       used 57059K, capacity 58922K, committed 58968K, reserved 1099776K
  class space    used 7821K, capacity 8291K, committed 8320K, reserved 1048576K
Event: 24.676 GC heap after
Heap after GC invocations=15 (full 2):
 PSYoungGen      total 133632K, used 18430K [0x00000000e0000000, 0x00000000eb680000, 0x0000000100000000)
  eden space 115200K, 0% used [0x00000000e0000000,0x00000000e0000000,0x00000000e7080000)
  from space 18432K, 99% used [0x00000000e7080000,0x00000000e827f848,0x00000000e8280000)
  to   space 22016K, 0% used [0x00000000ea100000,0x00000000ea100000,0x00000000eb680000)
 ParOldGen       total 92672K, used 30470K [0x00000000a0000000, 0x00000000a5a80000, 0x00000000e0000000)
  object space 92672K, 32% used [0x00000000a0000000,0x00000000a1dc1bf8,0x00000000a5a80000)
 Metaspace       used 57059K, capacity 58922K, committed 58968K, reserved 1099776K
  class space    used 7821K, capacity 8291K, committed 8320K, reserved 1048576K
}
Event: 24.676 GC heap before
{Heap before GC invocations=16 (full 3):
 PSYoungGen      total 133632K, used 18430K [0x00000000e0000000, 0x00000000eb680000, 0x0000000100000000)
  eden space 115200K, 0% used [0x00000000e0000000,0x00000000e0000000,0x00000000e7080000)
  from space 18432K, 99% used [0x00000000e7080000,0x00000000e827f848,0x00000000e8280000)
  to   space 22016K, 0% used [0x00000000ea100000,0x00000000ea100000,0x00000000eb680000)
 ParOldGen       total 92672K, used 30470K [0x00000000a0000000, 0x00000000a5a80000, 0x00000000e0000000)
  object space 92672K, 32% used [0x00000000a0000000,0x00000000a1dc1bf8,0x00000000a5a80000)
 Metaspace       used 57059K, capacity 58922K, committed 58968K, reserved 1099776K
  class space    used 7821K, capacity 8291K, committed 8320K, reserved 1048576K
Event: 25.133 GC heap after
Heap after GC invocations=16 (full 3):
 PSYoungGen      total 133632K, used 0K [0x00000000e0000000, 0x00000000eb680000, 0x0000000100000000)
  eden space 115200K, 0% used [0x00000000e0000000,0x00000000e0000000,0x00000000e7080000)
  from space 18432K, 0% used [0x00000000e7080000,0x00000000e7080000,0x00000000e8280000)
  to   space 22016K, 0% used [0x00000000ea100000,0x00000000ea100000,0x00000000eb680000)
 ParOldGen       total 92672K, used 42166K [0x00000000a0000000, 0x00000000a5a80000, 0x00000000e0000000)
  object space 92672K, 45% used [0x00000000a0000000,0x00000000a292d8a8,0x00000000a5a80000)
 Metaspace       used 57059K, capacity 58922K, committed 58968K, reserved 1099776K
  class space    used 7821K, capacity 8291K, committed 8320K, reserved 1048576K
}
Event: 32.704 GC heap before
{Heap before GC invocations=17 (full 3):
 PSYoungGen      total 133632K, used 115200K [0x00000000e0000000, 0x00000000eb680000, 0x0000000100000000)
  eden space 115200K, 100% used [0x00000000e0000000,0x00000000e7080000,0x00000000e7080000)
  from space 18432K, 0% used [0x00000000e7080000,0x00000000e7080000,0x00000000e8280000)
  to   space 22016K, 0% used [0x00000000ea100000,0x00000000ea100000,0x00000000eb680000)
 ParOldGen       total 92672K, used 42166K [0x00000000a0000000, 0x00000000a5a80000, 0x00000000e0000000)
  object space 92672K, 45% used [0x00000000a0000000,0x00000000a292d8a8,0x00000000a5a80000)
 Metaspace       used 61715K, capacity 63490K, committed 63704K, reserved 1103872K
  class space    used 8408K, capacity 8849K, committed 8960K, reserved 1048576K
Event: 32.774 GC heap after
Heap after GC invocations=17 (full 3):
 PSYoungGen      total 159744K, used 18966K [0x00000000e0000000, 0x00000000eb600000, 0x0000000100000000)
  eden space 138240K, 0% used [0x00000000e0000000,0x00000000e0000000,0x00000000e8700000)
  from space 21504K, 88% used [0x00000000ea100000,0x00000000eb385800,0x00000000eb600000)
  to   space 24064K, 0% used [0x00000000e8700000,0x00000000e8700000,0x00000000e9e80000)
 ParOldGen       total 92672K, used 42174K [0x00000000a0000000, 0x00000000a5a80000, 0x00000000e0000000)
  object space 92672K, 45% used [0x00000000a0000000,0x00000000a292f8a8,0x00000000a5a80000)
 Metaspace       used 61715K, capacity 63490K, committed 63704K, reserved 1103872K
  class space    used 8408K, capacity 8849K, committed 8960K, reserved 1048576K
}
Event: 40.726 GC heap before
{Heap before GC invocations=18 (full 3):
 PSYoungGen      total 159744K, used 157206K [0x00000000e0000000, 0x00000000eb600000, 0x0000000100000000)
  eden space 138240K, 100% used [0x00000000e0000000,0x00000000e8700000,0x00000000e8700000)
  from space 21504K, 88% used [0x00000000ea100000,0x00000000eb385800,0x00000000eb600000)
  to   space 24064K, 0% used [0x00000000e8700000,0x00000000e8700000,0x00000000e9e80000)
 ParOldGen       total 92672K, used 42174K [0x00000000a0000000, 0x00000000a5a80000, 0x00000000e0000000)
  object space 92672K, 45% used [0x00000000a0000000,0x00000000a292f8a8,0x00000000a5a80000)
 Metaspace       used 71232K, capacity 74064K, committed 74200K, reserved 1114112K
  class space    used 9638K, capacity 10236K, committed 10240K, reserved 1048576K
Event: 40.770 GC heap after
Heap after GC invocations=18 (full 3):
 PSYoungGen      total 162304K, used 24033K [0x00000000e0000000, 0x00000000ed500000, 0x0000000100000000)
  eden space 138240K, 0% used [0x00000000e0000000,0x00000000e0000000,0x00000000e8700000)
  from space 24064K, 99% used [0x00000000e8700000,0x00000000e9e78698,0x00000000e9e80000)
  to   space 27648K, 0% used [0x00000000eba00000,0x00000000eba00000,0x00000000ed500000)
 ParOldGen       total 92672K, used 42764K [0x00000000a0000000, 0x00000000a5a80000, 0x00000000e0000000)
  object space 92672K, 46% used [0x00000000a0000000,0x00000000a29c31f8,0x00000000a5a80000)
 Metaspace       used 71232K, capacity 74064K, committed 74200K, reserved 1114112K
  class space    used 9638K, capacity 10236K, committed 10240K, reserved 1048576K
}

