# JRE version: OpenJDK Runtime Environment (8.0_152-b02) (build 1.8.0_152-release-1024-b02)
# Java VM: OpenJDK 64-Bit Server VM (25.152-b02 mixed mode windows-amd64 compressed oops)
Heap:
 PSYoungGen      total 290816K, used 185859K [0x00000000e0000000, 0x00000000f6280000, 0x0000000100000000)
  eden space 232448K, 70% used [0x00000000e0000000,0x00000000e9f2ce88,0x00000000ee300000)
  from space 58368K, 39% used [0x00000000f2000000,0x00000000f3653f30,0x00000000f5900000)
  to   space 62464K, 0% used [0x00000000ee300000,0x00000000ee300000,0x00000000f2000000)
 ParOldGen       total 267776K, used 178711K [0x00000000a0000000, 0x00000000b0580000, 0x00000000e0000000)
  object space 267776K, 66% used [0x00000000a0000000,0x00000000aae85f50,0x00000000b0580000)
 Metaspace       used 74048K, capacity 77182K, committed 77312K, reserved 1116160K
  class space    used 9771K, capacity 10393K, committed 10496K, reserved 1048576K
GC Heap History (10 events):
Event: 95.388 GC heap before
{Heap before GC invocations=20 (full 3):
 PSYoungGen      total 202240K, used 202229K [0x00000000e0000000, 0x00000000f2d80000, 0x0000000100000000)
  eden space 180736K, 100% used [0x00000000e0000000,0x00000000eb080000,0x00000000eb080000)
  from space 21504K, 99% used [0x00000000ed980000,0x00000000eee7d5d8,0x00000000eee80000)
  to   space 41984K, 0% used [0x00000000eb080000,0x00000000eb080000,0x00000000ed980000)
 ParOldGen       total 139264K, used 97890K [0x00000000a0000000, 0x00000000a8800000, 0x00000000e0000000)
  object space 139264K, 70% used [0x00000000a0000000,0x00000000a5f98838,0x00000000a8800000)
 Metaspace       used 72011K, capacity 75034K, committed 75136K, reserved 1114112K
  class space    used 9515K, capacity 10105K, committed 10112K, reserved 1048576K
Event: 95.555 GC heap after
Heap after GC invocations=20 (full 3):
 PSYoungGen      total 222720K, used 41965K [0x00000000e0000000, 0x00000000f5900000, 0x0000000100000000)
  eden space 180736K, 0% used [0x00000000e0000000,0x00000000e0000000,0x00000000eb080000)
  from space 41984K, 99% used [0x00000000eb080000,0x00000000ed97b4e8,0x00000000ed980000)
  to   space 58368K, 0% used [0x00000000f2000000,0x00000000f2000000,0x00000000f5900000)
 ParOldGen       total 139264K, used 122873K [0x00000000a0000000, 0x00000000a8800000, 0x00000000e0000000)
  object space 139264K, 88% used [0x00000000a0000000,0x00000000a77fe5f8,0x00000000a8800000)
 Metaspace       used 72011K, capacity 75034K, committed 75136K, reserved 1114112K
  class space    used 9515K, capacity 10105K, committed 10112K, reserved 1048576K
}
Event: 95.555 GC heap before
{Heap before GC invocations=21 (full 4):
 PSYoungGen      total 222720K, used 41965K [0x00000000e0000000, 0x00000000f5900000, 0x0000000100000000)
  eden space 180736K, 0% used [0x00000000e0000000,0x00000000e0000000,0x00000000eb080000)
  from space 41984K, 99% used [0x00000000eb080000,0x00000000ed97b4e8,0x00000000ed980000)
  to   space 58368K, 0% used [0x00000000f2000000,0x00000000f2000000,0x00000000f5900000)
 ParOldGen       total 139264K, used 122873K [0x00000000a0000000, 0x00000000a8800000, 0x00000000e0000000)
  object space 139264K, 88% used [0x00000000a0000000,0x00000000a77fe5f8,0x00000000a8800000)
 Metaspace       used 72011K, capacity 75034K, committed 75136K, reserved 1114112K
  class space    used 9515K, capacity 10105K, committed 10112K, reserved 1048576K
Event: 96.271 GC heap after
Heap after GC invocations=21 (full 4):
 PSYoungGen      total 222720K, used 0K [0x00000000e0000000, 0x00000000f5900000, 0x0000000100000000)
  eden space 180736K, 0% used [0x00000000e0000000,0x00000000e0000000,0x00000000eb080000)
  from space 41984K, 0% used [0x00000000eb080000,0x00000000eb080000,0x00000000ed980000)
  to   space 58368K, 0% used [0x00000000f2000000,0x00000000f2000000,0x00000000f5900000)
 ParOldGen       total 267776K, used 134045K [0x00000000a0000000, 0x00000000b0580000, 0x00000000e0000000)
  object space 267776K, 50% used [0x00000000a0000000,0x00000000a82e7700,0x00000000b0580000)
 Metaspace       used 71868K, capacity 74642K, committed 75136K, reserved 1114112K
  class space    used 9465K, capacity 10019K, committed 10112K, reserved 1048576K
}
Event: 97.501 GC heap before
{Heap before GC invocations=22 (full 4):
 PSYoungGen      total 222720K, used 180736K [0x00000000e0000000, 0x00000000f5900000, 0x0000000100000000)
  eden space 180736K, 100% used [0x00000000e0000000,0x00000000eb080000,0x00000000eb080000)
  from space 41984K, 0% used [0x00000000eb080000,0x00000000eb080000,0x00000000ed980000)
  to   space 58368K, 0% used [0x00000000f2000000,0x00000000f2000000,0x00000000f5900000)
 ParOldGen       total 267776K, used 134045K [0x00000000a0000000, 0x00000000b0580000, 0x00000000e0000000)
  object space 267776K, 50% used [0x00000000a0000000,0x00000000a82e7700,0x00000000b0580000)
 Metaspace       used 71924K, capacity 74672K, committed 75136K, reserved 1114112K
  class space    used 9473K, capacity 10024K, committed 10112K, reserved 1048576K
Event: 97.650 GC heap after
Heap after GC invocations=22 (full 4):
 PSYoungGen      total 290816K, used 42453K [0x00000000e0000000, 0x00000000f6280000, 0x0000000100000000)
  eden space 232448K, 0% used [0x00000000e0000000,0x00000000e0000000,0x00000000ee300000)
  from space 58368K, 72% used [0x00000000f2000000,0x00000000f4975408,0x00000000f5900000)
  to   space 62464K, 0% used [0x00000000ee300000,0x00000000ee300000,0x00000000f2000000)
 ParOldGen       total 267776K, used 134053K [0x00000000a0000000, 0x00000000b0580000, 0x00000000e0000000)
  object space 267776K, 50% used [0x00000000a0000000,0x00000000a82e9700,0x00000000b0580000)
 Metaspace       used 71924K, capacity 74672K, committed 75136K, reserved 1114112K
  class space    used 9473K, capacity 10024K, committed 10112K, reserved 1048576K
}
Event: 100.187 GC heap before
{Heap before GC invocations=23 (full 4):
 PSYoungGen      total 290816K, used 274901K [0x00000000e0000000, 0x00000000f6280000, 0x0000000100000000)
  eden space 232448K, 100% used [0x00000000e0000000,0x00000000ee300000,0x00000000ee300000)
  from space 58368K, 72% used [0x00000000f2000000,0x00000000f4975408,0x00000000f5900000)
  to   space 62464K, 0% used [0x00000000ee300000,0x00000000ee300000,0x00000000f2000000)
 ParOldGen       total 267776K, used 134053K [0x00000000a0000000, 0x00000000b0580000, 0x00000000e0000000)
  object space 267776K, 50% used [0x00000000a0000000,0x00000000a82e9700,0x00000000b0580000)
 Metaspace       used 72832K, capacity 75860K, committed 76032K, reserved 1116160K
  class space    used 9592K, capacity 10220K, committed 10240K, reserved 1048576K
Event: 100.357 GC heap after
Heap after GC invocations=23 (full 4):
 PSYoungGen      total 294912K, used 19291K [0x00000000e0000000, 0x00000000f6280000, 0x0000000100000000)
  eden space 232448K, 0% used [0x00000000e0000000,0x00000000e0000000,0x00000000ee300000)
  from space 62464K, 30% used [0x00000000ee300000,0x00000000ef5d6e78,0x00000000f2000000)
  to   space 58368K, 0% used [0x00000000f2000000,0x00000000f2000000,0x00000000f5900000)
 ParOldGen       total 267776K, used 167367K [0x00000000a0000000, 0x00000000b0580000, 0x00000000e0000000)
  object space 267776K, 62% used [0x00000000a0000000,0x00000000aa371ef0,0x00000000b0580000)
 Metaspace       used 72832K, capacity 75860K, committed 76032K, reserved 1116160K
  class space    used 9592K, capacity 10220K, committed 10240K, reserved 1048576K
}
Event: 101.327 GC heap before
{Heap before GC invocations=24 (full 4):
 PSYoungGen      total 294912K, used 251739K [0x00000000e0000000, 0x00000000f6280000, 0x0000000100000000)
  eden space 232448K, 100% used [0x00000000e0000000,0x00000000ee300000,0x00000000ee300000)
  from space 62464K, 30% used [0x00000000ee300000,0x00000000ef5d6e78,0x00000000f2000000)
  to   space 58368K, 0% used [0x00000000f2000000,0x00000000f2000000,0x00000000f5900000)
 ParOldGen       total 267776K, used 167367K [0x00000000a0000000, 0x00000000b0580000, 0x00000000e0000000)
  object space 267776K, 62% used [0x00000000a0000000,0x00000000aa371ef0,0x00000000b0580000)
 Metaspace       used 73047K, capacity 76140K, committed 76288K, reserved 1116160K
  class space    used 9615K, capacity 10238K, committed 10240K, reserved 1048576K
Event: 101.364 GC heap after
Heap after GC invocations=24 (full 4):
 PSYoungGen      total 290816K, used 22863K [0x00000000e0000000, 0x00000000f6280000, 0x0000000100000000)
  eden space 232448K, 0% used [0x00000000e0000000,0x00000000e0000000,0x00000000ee300000)
  from space 58368K, 39% used [0x00000000f2000000,0x00000000f3653f30,0x00000000f5900000)
  to   space 62464K, 0% used [0x00000000ee300000,0x00000000ee300000,0x00000000f2000000)
 ParOldGen       total 267776K, used 178711K [0x00000000a0000000, 0x00000000b0580000, 0x00000000e0000000)
  object space 267776K, 66% used [0x00000000a0000000,0x00000000aae85f50,0x00000000b0580000)
 Metaspace       used 73047K, capacity 76140K, committed 76288K, reserved 1116160K
  class space    used 9615K, capacity 10238K, committed 10240K, reserved 1048576K
}

