# JRE version: OpenJDK Runtime Environment (8.0_152-b02) (build 1.8.0_152-release-1024-b02)
# Java VM: OpenJDK 64-Bit Server VM (25.152-b02 mixed mode windows-amd64 compressed oops)
Heap:
 PSYoungGen      total 200192K, used 101416K [0x00000000e0000000, 0x00000000eed00000, 0x0000000100000000)
  eden space 179712K, 45% used [0x00000000e0000000,0x00000000e4f0a610,0x00000000eaf80000)
  from space 20480K, 99% used [0x00000000eaf80000,0x00000000ec37fb40,0x00000000ec380000)
  to   space 25600K, 0% used [0x00000000ed400000,0x00000000ed400000,0x00000000eed00000)
 ParOldGen       total 89600K, used 45114K [0x00000000a0000000, 0x00000000a5780000, 0x00000000e0000000)
  object space 89600K, 50% used [0x00000000a0000000,0x00000000a2c0e860,0x00000000a5780000)
 Metaspace       used 80975K, capacity 84228K, committed 84440K, reserved 1122304K
  class space    used 10330K, capacity 11006K, committed 11008K, reserved 1048576K
GC Heap History (10 events):
Event: 65.206 GC heap before
{Heap before GC invocations=18 (full 3):
 PSYoungGen      total 160256K, used 153891K [0x00000000e0000000, 0x00000000eb580000, 0x0000000100000000)
  eden space 148992K, 100% used [0x00000000e0000000,0x00000000e9180000,0x00000000e9180000)
  from space 11264K, 43% used [0x00000000eaa80000,0x00000000eaf48fa0,0x00000000eb580000)
  to   space 18432K, 0% used [0x00000000e9180000,0x00000000e9180000,0x00000000ea380000)
 ParOldGen       total 89600K, used 38895K [0x00000000a0000000, 0x00000000a5780000, 0x00000000e0000000)
  object space 89600K, 43% used [0x00000000a0000000,0x00000000a25fbee8,0x00000000a5780000)
 Metaspace       used 63917K, capacity 66000K, committed 66264K, reserved 1105920K
  class space    used 8396K, capacity 8926K, committed 8960K, reserved 1048576K
Event: 65.228 GC heap after
Heap after GC invocations=18 (full 3):
 PSYoungGen      total 167424K, used 13198K [0x00000000e0000000, 0x00000000ecd80000, 0x0000000100000000)
  eden space 148992K, 0% used [0x00000000e0000000,0x00000000e0000000,0x00000000e9180000)
  from space 18432K, 71% used [0x00000000e9180000,0x00000000e9e63b00,0x00000000ea380000)
  to   space 19456K, 0% used [0x00000000eba80000,0x00000000eba80000,0x00000000ecd80000)
 ParOldGen       total 89600K, used 38903K [0x00000000a0000000, 0x00000000a5780000, 0x00000000e0000000)
  object space 89600K, 43% used [0x00000000a0000000,0x00000000a25fdee8,0x00000000a5780000)
 Metaspace       used 63917K, capacity 66000K, committed 66264K, reserved 1105920K
  class space    used 8396K, capacity 8926K, committed 8960K, reserved 1048576K
}
Event: 73.598 GC heap before
{Heap before GC invocations=19 (full 3):
 PSYoungGen      total 167424K, used 162190K [0x00000000e0000000, 0x00000000ecd80000, 0x0000000100000000)
  eden space 148992K, 100% used [0x00000000e0000000,0x00000000e9180000,0x00000000e9180000)
  from space 18432K, 71% used [0x00000000e9180000,0x00000000e9e63b00,0x00000000ea380000)
  to   space 19456K, 0% used [0x00000000eba80000,0x00000000eba80000,0x00000000ecd80000)
 ParOldGen       total 89600K, used 38903K [0x00000000a0000000, 0x00000000a5780000, 0x00000000e0000000)
  object space 89600K, 43% used [0x00000000a0000000,0x00000000a25fdee8,0x00000000a5780000)
 Metaspace       used 66403K, capacity 68610K, committed 68824K, reserved 1110016K
  class space    used 8631K, capacity 9147K, committed 9216K, reserved 1048576K
Event: 73.630 GC heap after
Heap after GC invocations=19 (full 3):
 PSYoungGen      total 184832K, used 10356K [0x00000000e0000000, 0x00000000eca00000, 0x0000000100000000)
  eden space 168960K, 0% used [0x00000000e0000000,0x00000000e0000000,0x00000000ea500000)
  from space 15872K, 65% used [0x00000000eba80000,0x00000000ec49d0b0,0x00000000eca00000)
  to   space 18944K, 0% used [0x00000000ea500000,0x00000000ea500000,0x00000000eb780000)
 ParOldGen       total 89600K, used 38911K [0x00000000a0000000, 0x00000000a5780000, 0x00000000e0000000)
  object space 89600K, 43% used [0x00000000a0000000,0x00000000a25ffee8,0x00000000a5780000)
 Metaspace       used 66403K, capacity 68610K, committed 68824K, reserved 1110016K
  class space    used 8631K, capacity 9147K, committed 9216K, reserved 1048576K
}
Event: 169.903 GC heap before
{Heap before GC invocations=20 (full 3):
 PSYoungGen      total 184832K, used 179316K [0x00000000e0000000, 0x00000000eca00000, 0x0000000100000000)
  eden space 168960K, 100% used [0x00000000e0000000,0x00000000ea500000,0x00000000ea500000)
  from space 15872K, 65% used [0x00000000eba80000,0x00000000ec49d0b0,0x00000000eca00000)
  to   space 18944K, 0% used [0x00000000ea500000,0x00000000ea500000,0x00000000eb780000)
 ParOldGen       total 89600K, used 38911K [0x00000000a0000000, 0x00000000a5780000, 0x00000000e0000000)
  object space 89600K, 43% used [0x00000000a0000000,0x00000000a25ffee8,0x00000000a5780000)
 Metaspace       used 66896K, capacity 69152K, committed 69336K, reserved 1110016K
  class space    used 8654K, capacity 9174K, committed 9216K, reserved 1048576K
Event: 169.940 GC heap after
Heap after GC invocations=20 (full 3):
 PSYoungGen      total 187904K, used 18156K [0x00000000e0000000, 0x00000000eda00000, 0x0000000100000000)
  eden space 168960K, 0% used [0x00000000e0000000,0x00000000e0000000,0x00000000ea500000)
  from space 18944K, 95% used [0x00000000ea500000,0x00000000eb6bb3a0,0x00000000eb780000)
  to   space 20992K, 0% used [0x00000000ec580000,0x00000000ec580000,0x00000000eda00000)
 ParOldGen       total 89600K, used 38919K [0x00000000a0000000, 0x00000000a5780000, 0x00000000e0000000)
  object space 89600K, 43% used [0x00000000a0000000,0x00000000a2601ee8,0x00000000a5780000)
 Metaspace       used 66896K, capacity 69152K, committed 69336K, reserved 1110016K
  class space    used 8654K, capacity 9174K, committed 9216K, reserved 1048576K
}
Event: 179.598 GC heap before
{Heap before GC invocations=21 (full 3):
 PSYoungGen      total 187904K, used 187116K [0x00000000e0000000, 0x00000000eda00000, 0x0000000100000000)
  eden space 168960K, 100% used [0x00000000e0000000,0x00000000ea500000,0x00000000ea500000)
  from space 18944K, 95% used [0x00000000ea500000,0x00000000eb6bb3a0,0x00000000eb780000)
  to   space 20992K, 0% used [0x00000000ec580000,0x00000000ec580000,0x00000000eda00000)
 ParOldGen       total 89600K, used 38919K [0x00000000a0000000, 0x00000000a5780000, 0x00000000e0000000)
  object space 89600K, 43% used [0x00000000a0000000,0x00000000a2601ee8,0x00000000a5780000)
 Metaspace       used 67555K, capacity 69858K, committed 69976K, reserved 1110016K
  class space    used 8722K, capacity 9251K, committed 9344K, reserved 1048576K
Event: 179.622 GC heap after
Heap after GC invocations=21 (full 3):
 PSYoungGen      total 198144K, used 11206K [0x00000000e0000000, 0x00000000ed780000, 0x0000000100000000)
  eden space 179712K, 0% used [0x00000000e0000000,0x00000000e0000000,0x00000000eaf80000)
  from space 18432K, 60% used [0x00000000ec580000,0x00000000ed071878,0x00000000ed780000)
  to   space 20480K, 0% used [0x00000000eaf80000,0x00000000eaf80000,0x00000000ec380000)
 ParOldGen       total 89600K, used 38927K [0x00000000a0000000, 0x00000000a5780000, 0x00000000e0000000)
  object space 89600K, 43% used [0x00000000a0000000,0x00000000a2603ee8,0x00000000a5780000)
 Metaspace       used 67555K, capacity 69858K, committed 69976K, reserved 1110016K
  class space    used 8722K, capacity 9251K, committed 9344K, reserved 1048576K
}
Event: 188.613 GC heap before
{Heap before GC invocations=22 (full 3):
 PSYoungGen      total 198144K, used 189392K [0x00000000e0000000, 0x00000000ed780000, 0x0000000100000000)
  eden space 179712K, 99% used [0x00000000e0000000,0x00000000eae02aa0,0x00000000eaf80000)
  from space 18432K, 60% used [0x00000000ec580000,0x00000000ed071878,0x00000000ed780000)
  to   space 20480K, 0% used [0x00000000eaf80000,0x00000000eaf80000,0x00000000ec380000)
 ParOldGen       total 89600K, used 38927K [0x00000000a0000000, 0x00000000a5780000, 0x00000000e0000000)
  object space 89600K, 43% used [0x00000000a0000000,0x00000000a2603ee8,0x00000000a5780000)
 Metaspace       used 73552K, capacity 75892K, committed 76248K, reserved 1116160K
  class space    used 9362K, capacity 9880K, committed 9984K, reserved 1048576K
Event: 188.673 GC heap after
Heap after GC invocations=22 (full 3):
 PSYoungGen      total 200192K, used 20478K [0x00000000e0000000, 0x00000000eed00000, 0x0000000100000000)
  eden space 179712K, 0% used [0x00000000e0000000,0x00000000e0000000,0x00000000eaf80000)
  from space 20480K, 99% used [0x00000000eaf80000,0x00000000ec37fb40,0x00000000ec380000)
  to   space 25600K, 0% used [0x00000000ed400000,0x00000000ed400000,0x00000000eed00000)
 ParOldGen       total 89600K, used 45114K [0x00000000a0000000, 0x00000000a5780000, 0x00000000e0000000)
  object space 89600K, 50% used [0x00000000a0000000,0x00000000a2c0e860,0x00000000a5780000)
 Metaspace       used 73552K, capacity 75892K, committed 76248K, reserved 1116160K
  class space    used 9362K, capacity 9880K, committed 9984K, reserved 1048576K
}

