# JRE version: OpenJDK Runtime Environment (8.0_152-b02) (build 1.8.0_152-release-1024-b02)
# Java VM: OpenJDK 64-Bit Server VM (25.152-b02 mixed mode windows-amd64 compressed oops)
Heap:
 PSYoungGen      total 318464K, used 225683K [0x00000000e0000000, 0x00000000fb180000, 0x0000000100000000)
  eden space 212480K, 86% used [0x00000000e0000000,0x00000000eb46cfa0,0x00000000ecf80000)
  from space 105984K, 38% used [0x00000000ecf80000,0x00000000ef777f30,0x00000000f3700000)
  to   space 96256K, 0% used [0x00000000f5380000,0x00000000f5380000,0x00000000fb180000)
 ParOldGen       total 339456K, used 169143K [0x00000000a0000000, 0x00000000b4b80000, 0x00000000e0000000)
  object space 339456K, 49% used [0x00000000a0000000,0x00000000aa52dfd0,0x00000000b4b80000)
 Metaspace       used 95101K, capacity 101204K, committed 103040K, reserved 1138688K
  class space    used 11823K, capacity 12996K, committed 13440K, reserved 1048576K
GC Heap History (10 events):
Event: 18842.159 GC heap before
{Heap before GC invocations=69 (full 5):
 PSYoungGen      total 287744K, used 234202K [0x00000000e0000000, 0x00000000fa000000, 0x0000000100000000)
  eden space 181248K, 100% used [0x00000000e0000000,0x00000000eb100000,0x00000000eb100000)
  from space 106496K, 49% used [0x00000000eb100000,0x00000000ee4b6838,0x00000000f1900000)
  to   space 107520K, 0% used [0x00000000f3700000,0x00000000f3700000,0x00000000fa000000)
 ParOldGen       total 218112K, used 178736K [0x00000000a0000000, 0x00000000ad500000, 0x00000000e0000000)
  object space 218112K, 81% used [0x00000000a0000000,0x00000000aae8c3b0,0x00000000ad500000)
 Metaspace       used 96057K, capacity 102599K, committed 102784K, reserved 1138688K
  class space    used 12031K, capacity 13311K, committed 13440K, reserved 1048576K
Event: 18842.358 GC heap after
Heap after GC invocations=69 (full 5):
 PSYoungGen      total 318976K, used 49441K [0x00000000e0000000, 0x00000000f9f00000, 0x0000000100000000)
  eden space 212480K, 0% used [0x00000000e0000000,0x00000000e0000000,0x00000000ecf80000)
  from space 106496K, 46% used [0x00000000f3700000,0x00000000f67484c8,0x00000000f9f00000)
  to   space 105984K, 0% used [0x00000000ecf80000,0x00000000ecf80000,0x00000000f3700000)
 ParOldGen       total 218112K, used 212389K [0x00000000a0000000, 0x00000000ad500000, 0x00000000e0000000)
  object space 218112K, 97% used [0x00000000a0000000,0x00000000acf69470,0x00000000ad500000)
 Metaspace       used 96057K, capacity 102599K, committed 102784K, reserved 1138688K
  class space    used 12031K, capacity 13311K, committed 13440K, reserved 1048576K
}
Event: 18842.358 GC heap before
{Heap before GC invocations=70 (full 6):
 PSYoungGen      total 318976K, used 49441K [0x00000000e0000000, 0x00000000f9f00000, 0x0000000100000000)
  eden space 212480K, 0% used [0x00000000e0000000,0x00000000e0000000,0x00000000ecf80000)
  from space 106496K, 46% used [0x00000000f3700000,0x00000000f67484c8,0x00000000f9f00000)
  to   space 105984K, 0% used [0x00000000ecf80000,0x00000000ecf80000,0x00000000f3700000)
 ParOldGen       total 218112K, used 212389K [0x00000000a0000000, 0x00000000ad500000, 0x00000000e0000000)
  object space 218112K, 97% used [0x00000000a0000000,0x00000000acf69470,0x00000000ad500000)
 Metaspace       used 96057K, capacity 102599K, committed 102784K, reserved 1138688K
  class space    used 12031K, capacity 13311K, committed 13440K, reserved 1048576K
Event: 18843.421 GC heap after
Heap after GC invocations=70 (full 6):
 PSYoungGen      total 318976K, used 0K [0x00000000e0000000, 0x00000000f9f00000, 0x0000000100000000)
  eden space 212480K, 0% used [0x00000000e0000000,0x00000000e0000000,0x00000000ecf80000)
  from space 106496K, 0% used [0x00000000f3700000,0x00000000f3700000,0x00000000f9f00000)
  to   space 105984K, 0% used [0x00000000ecf80000,0x00000000ecf80000,0x00000000f3700000)
 ParOldGen       total 339456K, used 142510K [0x00000000a0000000, 0x00000000b4b80000, 0x00000000e0000000)
  object space 339456K, 41% used [0x00000000a0000000,0x00000000a8b2bbf0,0x00000000b4b80000)
 Metaspace       used 94313K, capacity 100022K, committed 102784K, reserved 1138688K
  class space    used 11704K, capacity 12789K, committed 13440K, reserved 1048576K
}
Event: 18850.955 GC heap before
{Heap before GC invocations=71 (full 6):
 PSYoungGen      total 318976K, used 212480K [0x00000000e0000000, 0x00000000f9f00000, 0x0000000100000000)
  eden space 212480K, 100% used [0x00000000e0000000,0x00000000ecf80000,0x00000000ecf80000)
  from space 106496K, 0% used [0x00000000f3700000,0x00000000f3700000,0x00000000f9f00000)
  to   space 105984K, 0% used [0x00000000ecf80000,0x00000000ecf80000,0x00000000f3700000)
 ParOldGen       total 339456K, used 142510K [0x00000000a0000000, 0x00000000b4b80000, 0x00000000e0000000)
  object space 339456K, 41% used [0x00000000a0000000,0x00000000a8b2bbf0,0x00000000b4b80000)
 Metaspace       used 95053K, capacity 101084K, committed 102784K, reserved 1138688K
  class space    used 11814K, capacity 12984K, committed 13440K, reserved 1048576K
Event: 18851.020 GC heap after
Heap after GC invocations=71 (full 6):
 PSYoungGen      total 318464K, used 37084K [0x00000000e0000000, 0x00000000f9f00000, 0x0000000100000000)
  eden space 212480K, 0% used [0x00000000e0000000,0x00000000e0000000,0x00000000ecf80000)
  from space 105984K, 34% used [0x00000000ecf80000,0x00000000ef3b7018,0x00000000f3700000)
  to   space 106496K, 0% used [0x00000000f3700000,0x00000000f3700000,0x00000000f9f00000)
 ParOldGen       total 339456K, used 142518K [0x00000000a0000000, 0x00000000b4b80000, 0x00000000e0000000)
  object space 339456K, 41% used [0x00000000a0000000,0x00000000a8b2dbf0,0x00000000b4b80000)
 Metaspace       used 95053K, capacity 101084K, committed 102784K, reserved 1138688K
  class space    used 11814K, capacity 12984K, committed 13440K, reserved 1048576K
}
Event: 18851.230 GC heap before
{Heap before GC invocations=72 (full 6):
 PSYoungGen      total 318464K, used 249564K [0x00000000e0000000, 0x00000000f9f00000, 0x0000000100000000)
  eden space 212480K, 100% used [0x00000000e0000000,0x00000000ecf80000,0x00000000ecf80000)
  from space 105984K, 34% used [0x00000000ecf80000,0x00000000ef3b7018,0x00000000f3700000)
  to   space 106496K, 0% used [0x00000000f3700000,0x00000000f3700000,0x00000000f9f00000)
 ParOldGen       total 339456K, used 142518K [0x00000000a0000000, 0x00000000b4b80000, 0x00000000e0000000)
  object space 339456K, 41% used [0x00000000a0000000,0x00000000a8b2dbf0,0x00000000b4b80000)
 Metaspace       used 95054K, capacity 101084K, committed 102784K, reserved 1138688K
  class space    used 11814K, capacity 12984K, committed 13440K, reserved 1048576K
Event: 18851.313 GC heap after
Heap after GC invocations=72 (full 6):
 PSYoungGen      total 318976K, used 32K [0x00000000e0000000, 0x00000000f9f00000, 0x0000000100000000)
  eden space 212480K, 0% used [0x00000000e0000000,0x00000000e0000000,0x00000000ecf80000)
  from space 106496K, 0% used [0x00000000f3700000,0x00000000f3708000,0x00000000f9f00000)
  to   space 105984K, 0% used [0x00000000ecf80000,0x00000000ecf80000,0x00000000f3700000)
 ParOldGen       total 339456K, used 169127K [0x00000000a0000000, 0x00000000b4b80000, 0x00000000e0000000)
  object space 339456K, 49% used [0x00000000a0000000,0x00000000aa529fd0,0x00000000b4b80000)
 Metaspace       used 95054K, capacity 101084K, committed 102784K, reserved 1138688K
  class space    used 11814K, capacity 12984K, committed 13440K, reserved 1048576K
}
Event: 18852.048 GC heap before
{Heap before GC invocations=73 (full 6):
 PSYoungGen      total 318976K, used 212512K [0x00000000e0000000, 0x00000000f9f00000, 0x0000000100000000)
  eden space 212480K, 100% used [0x00000000e0000000,0x00000000ecf80000,0x00000000ecf80000)
  from space 106496K, 0% used [0x00000000f3700000,0x00000000f3708000,0x00000000f9f00000)
  to   space 105984K, 0% used [0x00000000ecf80000,0x00000000ecf80000,0x00000000f3700000)
 ParOldGen       total 339456K, used 169127K [0x00000000a0000000, 0x00000000b4b80000, 0x00000000e0000000)
  object space 339456K, 49% used [0x00000000a0000000,0x00000000aa529fd0,0x00000000b4b80000)
 Metaspace       used 95090K, capacity 101134K, committed 102784K, reserved 1138688K
  class space    used 11823K, capacity 12995K, committed 13440K, reserved 1048576K
Event: 18852.071 GC heap after
Heap after GC invocations=73 (full 6):
 PSYoungGen      total 318464K, used 40927K [0x00000000e0000000, 0x00000000fb180000, 0x0000000100000000)
  eden space 212480K, 0% used [0x00000000e0000000,0x00000000e0000000,0x00000000ecf80000)
  from space 105984K, 38% used [0x00000000ecf80000,0x00000000ef777f30,0x00000000f3700000)
  to   space 96256K, 0% used [0x00000000f5380000,0x00000000f5380000,0x00000000fb180000)
 ParOldGen       total 339456K, used 169143K [0x00000000a0000000, 0x00000000b4b80000, 0x00000000e0000000)
  object space 339456K, 49% used [0x00000000a0000000,0x00000000aa52dfd0,0x00000000b4b80000)
 Metaspace       used 95090K, capacity 101134K, committed 102784K, reserved 1138688K
  class space    used 11823K, capacity 12995K, committed 13440K, reserved 1048576K
}

