# JRE version: OpenJDK Runtime Environment (8.0_152-b02) (build 1.8.0_152-release-1024-b02)
# Java VM: OpenJDK 64-Bit Server VM (25.152-b02 mixed mode windows-amd64 compressed oops)
Heap:
 PSYoungGen      total 209408K, used 118146K [0x00000000e0000000, 0x00000000eec00000, 0x0000000100000000)
  eden space 181760K, 65% used [0x00000000e0000000,0x00000000e7360b98,0x00000000eb180000)
  from space 27648K, 0% used [0x00000000eb180000,0x00000000eb180000,0x00000000ecc80000)
  to   space 20992K, 0% used [0x00000000ecc80000,0x00000000ecc80000,0x00000000ee100000)
 ParOldGen       total 100352K, used 54198K [0x00000000a0000000, 0x00000000a6200000, 0x00000000e0000000)
  object space 100352K, 54% used [0x00000000a0000000,0x00000000a34ed8e8,0x00000000a6200000)
 Metaspace       used 60012K, capacity 61746K, committed 61912K, reserved 1103872K
  class space    used 7987K, capacity 8377K, committed 8448K, reserved 1048576K
GC Heap History (10 events):
Event: 9.369 GC heap before
{Heap before GC invocations=10 (full 2):
 PSYoungGen      total 140800K, used 131072K [0x00000000e0000000, 0x00000000eb280000, 0x0000000100000000)
  eden space 131072K, 100% used [0x00000000e0000000,0x00000000e8000000,0x00000000e8000000)
  from space 9728K, 0% used [0x00000000e8000000,0x00000000e8000000,0x00000000e8980000)
  to   space 12800K, 0% used [0x00000000ea600000,0x00000000ea600000,0x00000000eb280000)
 ParOldGen       total 100352K, used 19441K [0x00000000a0000000, 0x00000000a6200000, 0x00000000e0000000)
  object space 100352K, 19% used [0x00000000a0000000,0x00000000a12fc620,0x00000000a6200000)
 Metaspace       used 41916K, capacity 42700K, committed 42840K, reserved 1085440K
  class space    used 5737K, capacity 5995K, committed 6016K, reserved 1048576K
Event: 9.388 GC heap after
Heap after GC invocations=10 (full 2):
 PSYoungGen      total 167936K, used 12791K [0x00000000e0000000, 0x00000000ecd00000, 0x0000000100000000)
  eden space 155136K, 0% used [0x00000000e0000000,0x00000000e0000000,0x00000000e9780000)
  from space 12800K, 99% used [0x00000000ea600000,0x00000000eb27dfb8,0x00000000eb280000)
  to   space 14848K, 0% used [0x00000000e9780000,0x00000000e9780000,0x00000000ea600000)
 ParOldGen       total 100352K, used 21086K [0x00000000a0000000, 0x00000000a6200000, 0x00000000e0000000)
  object space 100352K, 21% used [0x00000000a0000000,0x00000000a14979b8,0x00000000a6200000)
 Metaspace       used 41916K, capacity 42700K, committed 42840K, reserved 1085440K
  class space    used 5737K, capacity 5995K, committed 6016K, reserved 1048576K
}
Event: 12.341 GC heap before
{Heap before GC invocations=11 (full 2):
 PSYoungGen      total 167936K, used 167927K [0x00000000e0000000, 0x00000000ecd00000, 0x0000000100000000)
  eden space 155136K, 100% used [0x00000000e0000000,0x00000000e9780000,0x00000000e9780000)
  from space 12800K, 99% used [0x00000000ea600000,0x00000000eb27dfb8,0x00000000eb280000)
  to   space 14848K, 0% used [0x00000000e9780000,0x00000000e9780000,0x00000000ea600000)
 ParOldGen       total 100352K, used 21086K [0x00000000a0000000, 0x00000000a6200000, 0x00000000e0000000)
  object space 100352K, 21% used [0x00000000a0000000,0x00000000a14979b8,0x00000000a6200000)
 Metaspace       used 52854K, capacity 54466K, committed 54744K, reserved 1095680K
  class space    used 7264K, capacity 7645K, committed 7680K, reserved 1048576K
Event: 12.376 GC heap after
Heap after GC invocations=11 (full 2):
 PSYoungGen      total 169984K, used 14837K [0x00000000e0000000, 0x00000000ee100000, 0x0000000100000000)
  eden space 155136K, 0% used [0x00000000e0000000,0x00000000e0000000,0x00000000e9780000)
  from space 14848K, 99% used [0x00000000e9780000,0x00000000ea5fd520,0x00000000ea600000)
  to   space 20992K, 0% used [0x00000000ecc80000,0x00000000ecc80000,0x00000000ee100000)
 ParOldGen       total 100352K, used 31135K [0x00000000a0000000, 0x00000000a6200000, 0x00000000e0000000)
  object space 100352K, 31% used [0x00000000a0000000,0x00000000a1e67e18,0x00000000a6200000)
 Metaspace       used 52854K, capacity 54466K, committed 54744K, reserved 1095680K
  class space    used 7264K, capacity 7645K, committed 7680K, reserved 1048576K
}
Event: 17.038 GC heap before
{Heap before GC invocations=12 (full 2):
 PSYoungGen      total 169984K, used 169973K [0x00000000e0000000, 0x00000000ee100000, 0x0000000100000000)
  eden space 155136K, 100% used [0x00000000e0000000,0x00000000e9780000,0x00000000e9780000)
  from space 14848K, 99% used [0x00000000e9780000,0x00000000ea5fd520,0x00000000ea600000)
  to   space 20992K, 0% used [0x00000000ecc80000,0x00000000ecc80000,0x00000000ee100000)
 ParOldGen       total 100352K, used 31135K [0x00000000a0000000, 0x00000000a6200000, 0x00000000e0000000)
  object space 100352K, 31% used [0x00000000a0000000,0x00000000a1e67e18,0x00000000a6200000)
 Metaspace       used 56201K, capacity 57946K, committed 58200K, reserved 1099776K
  class space    used 7605K, capacity 8023K, committed 8064K, reserved 1048576K
Event: 17.084 GC heap after
Heap after GC invocations=12 (full 2):
 PSYoungGen      total 202752K, used 20962K [0x00000000e0000000, 0x00000000eec00000, 0x0000000100000000)
  eden space 181760K, 0% used [0x00000000e0000000,0x00000000e0000000,0x00000000eb180000)
  from space 20992K, 99% used [0x00000000ecc80000,0x00000000ee0f89a8,0x00000000ee100000)
  to   space 27648K, 0% used [0x00000000eb180000,0x00000000eb180000,0x00000000ecc80000)
 ParOldGen       total 100352K, used 40510K [0x00000000a0000000, 0x00000000a6200000, 0x00000000e0000000)
  object space 100352K, 40% used [0x00000000a0000000,0x00000000a278f8b0,0x00000000a6200000)
 Metaspace       used 56201K, capacity 57946K, committed 58200K, reserved 1099776K
  class space    used 7605K, capacity 8023K, committed 8064K, reserved 1048576K
}
Event: 17.307 GC heap before
{Heap before GC invocations=13 (full 2):
 PSYoungGen      total 202752K, used 49211K [0x00000000e0000000, 0x00000000eec00000, 0x0000000100000000)
  eden space 181760K, 15% used [0x00000000e0000000,0x00000000e1b96500,0x00000000eb180000)
  from space 20992K, 99% used [0x00000000ecc80000,0x00000000ee0f89a8,0x00000000ee100000)
  to   space 27648K, 0% used [0x00000000eb180000,0x00000000eb180000,0x00000000ecc80000)
 ParOldGen       total 100352K, used 40510K [0x00000000a0000000, 0x00000000a6200000, 0x00000000e0000000)
  object space 100352K, 40% used [0x00000000a0000000,0x00000000a278f8b0,0x00000000a6200000)
 Metaspace       used 57327K, capacity 58956K, committed 59028K, reserved 1099776K
  class space    used 7719K, capacity 8124K, committed 8192K, reserved 1048576K
Event: 17.353 GC heap after
Heap after GC invocations=13 (full 2):
 PSYoungGen      total 209408K, used 3798K [0x00000000e0000000, 0x00000000eec00000, 0x0000000100000000)
  eden space 181760K, 0% used [0x00000000e0000000,0x00000000e0000000,0x00000000eb180000)
  from space 27648K, 13% used [0x00000000eb180000,0x00000000eb535b28,0x00000000ecc80000)
  to   space 20992K, 0% used [0x00000000ecc80000,0x00000000ecc80000,0x00000000ee100000)
 ParOldGen       total 100352K, used 61536K [0x00000000a0000000, 0x00000000a6200000, 0x00000000e0000000)
  object space 100352K, 61% used [0x00000000a0000000,0x00000000a3c180e0,0x00000000a6200000)
 Metaspace       used 57327K, capacity 58956K, committed 59028K, reserved 1099776K
  class space    used 7719K, capacity 8124K, committed 8192K, reserved 1048576K
}
Event: 17.353 GC heap before
{Heap before GC invocations=14 (full 3):
 PSYoungGen      total 209408K, used 3798K [0x00000000e0000000, 0x00000000eec00000, 0x0000000100000000)
  eden space 181760K, 0% used [0x00000000e0000000,0x00000000e0000000,0x00000000eb180000)
  from space 27648K, 13% used [0x00000000eb180000,0x00000000eb535b28,0x00000000ecc80000)
  to   space 20992K, 0% used [0x00000000ecc80000,0x00000000ecc80000,0x00000000ee100000)
 ParOldGen       total 100352K, used 61536K [0x00000000a0000000, 0x00000000a6200000, 0x00000000e0000000)
  object space 100352K, 61% used [0x00000000a0000000,0x00000000a3c180e0,0x00000000a6200000)
 Metaspace       used 57327K, capacity 58956K, committed 59028K, reserved 1099776K
  class space    used 7719K, capacity 8124K, committed 8192K, reserved 1048576K
Event: 17.671 GC heap after
Heap after GC invocations=14 (full 3):
 PSYoungGen      total 209408K, used 0K [0x00000000e0000000, 0x00000000eec00000, 0x0000000100000000)
  eden space 181760K, 0% used [0x00000000e0000000,0x00000000e0000000,0x00000000eb180000)
  from space 27648K, 0% used [0x00000000eb180000,0x00000000eb180000,0x00000000ecc80000)
  to   space 20992K, 0% used [0x00000000ecc80000,0x00000000ecc80000,0x00000000ee100000)
 ParOldGen       total 100352K, used 54198K [0x00000000a0000000, 0x00000000a6200000, 0x00000000e0000000)
  object space 100352K, 54% used [0x00000000a0000000,0x00000000a34ed8e8,0x00000000a6200000)
 Metaspace       used 57327K, capacity 58956K, committed 59028K, reserved 1099776K
  class space    used 7719K, capacity 8124K, committed 8192K, reserved 1048576K
}

