# JRE version: OpenJDK Runtime Environment (8.0_152-b02) (build 1.8.0_152-release-1024-b02)
# Java VM: OpenJDK 64-Bit Server VM (25.152-b02 mixed mode windows-amd64 compressed oops)
Heap:
 PSYoungGen      total 177664K, used 106575K [0x00000000e0000000, 0x00000000edd00000, 0x0000000100000000)
  eden space 157696K, 57% used [0x00000000e0000000,0x00000000e5860950,0x00000000e9a00000)
  from space 19968K, 80% used [0x00000000e9a00000,0x00000000ea9b35a8,0x00000000ead80000)
  to   space 20992K, 0% used [0x00000000ec880000,0x00000000ec880000,0x00000000edd00000)
 ParOldGen       total 142848K, used 39800K [0x00000000a0000000, 0x00000000a8b80000, 0x00000000e0000000)
  object space 142848K, 27% used [0x00000000a0000000,0x00000000a26de328,0x00000000a8b80000)
 Metaspace       used 65144K, capacity 67884K, committed 68056K, reserved 1107968K
  class space    used 8812K, capacity 9383K, committed 9472K, reserved 1048576K
GC Heap History (10 events):
Event: 15.476 GC heap before
{Heap before GC invocations=14 (full 2):
 PSYoungGen      total 128512K, used 128509K [0x00000000e0000000, 0x00000000e9f00000, 0x0000000100000000)
  eden space 117248K, 100% used [0x00000000e0000000,0x00000000e7280000,0x00000000e7280000)
  from space 11264K, 99% used [0x00000000e7280000,0x00000000e7d7f500,0x00000000e7d80000)
  to   space 14336K, 0% used [0x00000000e9100000,0x00000000e9100000,0x00000000e9f00000)
 ParOldGen       total 87552K, used 19034K [0x00000000a0000000, 0x00000000a5580000, 0x00000000e0000000)
  object space 87552K, 21% used [0x00000000a0000000,0x00000000a1296b50,0x00000000a5580000)
 Metaspace       used 53822K, capacity 55528K, committed 55768K, reserved 1097728K
  class space    used 7415K, capacity 7815K, committed 7936K, reserved 1048576K
Event: 15.507 GC heap after
Heap after GC invocations=14 (full 2):
 PSYoungGen      total 147456K, used 12864K [0x00000000e0000000, 0x00000000eac00000, 0x0000000100000000)
  eden space 133120K, 0% used [0x00000000e0000000,0x00000000e0000000,0x00000000e8200000)
  from space 14336K, 89% used [0x00000000e9100000,0x00000000e9d90128,0x00000000e9f00000)
  to   space 15360K, 0% used [0x00000000e8200000,0x00000000e8200000,0x00000000e9100000)
 ParOldGen       total 87552K, used 30149K [0x00000000a0000000, 0x00000000a5580000, 0x00000000e0000000)
  object space 87552K, 34% used [0x00000000a0000000,0x00000000a1d717f0,0x00000000a5580000)
 Metaspace       used 53822K, capacity 55528K, committed 55768K, reserved 1097728K
  class space    used 7415K, capacity 7815K, committed 7936K, reserved 1048576K
}
Event: 21.946 GC heap before
{Heap before GC invocations=15 (full 2):
 PSYoungGen      total 147456K, used 105853K [0x00000000e0000000, 0x00000000eac00000, 0x0000000100000000)
  eden space 133120K, 69% used [0x00000000e0000000,0x00000000e5acf468,0x00000000e8200000)
  from space 14336K, 89% used [0x00000000e9100000,0x00000000e9d90128,0x00000000e9f00000)
  to   space 15360K, 0% used [0x00000000e8200000,0x00000000e8200000,0x00000000e9100000)
 ParOldGen       total 87552K, used 30149K [0x00000000a0000000, 0x00000000a5580000, 0x00000000e0000000)
  object space 87552K, 34% used [0x00000000a0000000,0x00000000a1d717f0,0x00000000a5580000)
 Metaspace       used 57010K, capacity 58810K, committed 58968K, reserved 1099776K
  class space    used 7762K, capacity 8194K, committed 8320K, reserved 1048576K
Event: 21.966 GC heap after
Heap after GC invocations=15 (full 2):
 PSYoungGen      total 148480K, used 14591K [0x00000000e0000000, 0x00000000ebe00000, 0x0000000100000000)
  eden space 133120K, 0% used [0x00000000e0000000,0x00000000e0000000,0x00000000e8200000)
  from space 15360K, 94% used [0x00000000e8200000,0x00000000e903fff8,0x00000000e9100000)
  to   space 16896K, 0% used [0x00000000ead80000,0x00000000ead80000,0x00000000ebe00000)
 ParOldGen       total 87552K, used 30157K [0x00000000a0000000, 0x00000000a5580000, 0x00000000e0000000)
  object space 87552K, 34% used [0x00000000a0000000,0x00000000a1d737f0,0x00000000a5580000)
 Metaspace       used 57010K, capacity 58810K, committed 58968K, reserved 1099776K
  class space    used 7762K, capacity 8194K, committed 8320K, reserved 1048576K
}
Event: 21.967 GC heap before
{Heap before GC invocations=16 (full 3):
 PSYoungGen      total 148480K, used 14591K [0x00000000e0000000, 0x00000000ebe00000, 0x0000000100000000)
  eden space 133120K, 0% used [0x00000000e0000000,0x00000000e0000000,0x00000000e8200000)
  from space 15360K, 94% used [0x00000000e8200000,0x00000000e903fff8,0x00000000e9100000)
  to   space 16896K, 0% used [0x00000000ead80000,0x00000000ead80000,0x00000000ebe00000)
 ParOldGen       total 87552K, used 30157K [0x00000000a0000000, 0x00000000a5580000, 0x00000000e0000000)
  object space 87552K, 34% used [0x00000000a0000000,0x00000000a1d737f0,0x00000000a5580000)
 Metaspace       used 57010K, capacity 58810K, committed 58968K, reserved 1099776K
  class space    used 7762K, capacity 8194K, committed 8320K, reserved 1048576K
Event: 22.362 GC heap after
Heap after GC invocations=16 (full 3):
 PSYoungGen      total 148480K, used 0K [0x00000000e0000000, 0x00000000ebe00000, 0x0000000100000000)
  eden space 133120K, 0% used [0x00000000e0000000,0x00000000e0000000,0x00000000e8200000)
  from space 15360K, 0% used [0x00000000e8200000,0x00000000e8200000,0x00000000e9100000)
  to   space 16896K, 0% used [0x00000000ead80000,0x00000000ead80000,0x00000000ebe00000)
 ParOldGen       total 142848K, used 38453K [0x00000000a0000000, 0x00000000a8b80000, 0x00000000e0000000)
  object space 142848K, 26% used [0x00000000a0000000,0x00000000a258d7d8,0x00000000a8b80000)
 Metaspace       used 57010K, capacity 58810K, committed 58968K, reserved 1099776K
  class space    used 7762K, capacity 8194K, committed 8320K, reserved 1048576K
}
Event: 24.414 GC heap before
{Heap before GC invocations=17 (full 3):
 PSYoungGen      total 148480K, used 133120K [0x00000000e0000000, 0x00000000ebe00000, 0x0000000100000000)
  eden space 133120K, 100% used [0x00000000e0000000,0x00000000e8200000,0x00000000e8200000)
  from space 15360K, 0% used [0x00000000e8200000,0x00000000e8200000,0x00000000e9100000)
  to   space 16896K, 0% used [0x00000000ead80000,0x00000000ead80000,0x00000000ebe00000)
 ParOldGen       total 142848K, used 38453K [0x00000000a0000000, 0x00000000a8b80000, 0x00000000e0000000)
  object space 142848K, 26% used [0x00000000a0000000,0x00000000a258d7d8,0x00000000a8b80000)
 Metaspace       used 63836K, capacity 66510K, committed 66648K, reserved 1105920K
  class space    used 8650K, capacity 9228K, committed 9344K, reserved 1048576K
Event: 24.432 GC heap after
Heap after GC invocations=17 (full 3):
 PSYoungGen      total 174592K, used 16882K [0x00000000e0000000, 0x00000000ec180000, 0x0000000100000000)
  eden space 157696K, 0% used [0x00000000e0000000,0x00000000e0000000,0x00000000e9a00000)
  from space 16896K, 99% used [0x00000000ead80000,0x00000000ebdfc9e8,0x00000000ebe00000)
  to   space 19968K, 0% used [0x00000000e9a00000,0x00000000e9a00000,0x00000000ead80000)
 ParOldGen       total 142848K, used 39792K [0x00000000a0000000, 0x00000000a8b80000, 0x00000000e0000000)
  object space 142848K, 27% used [0x00000000a0000000,0x00000000a26dc328,0x00000000a8b80000)
 Metaspace       used 63836K, capacity 66510K, committed 66648K, reserved 1105920K
  class space    used 8650K, capacity 9228K, committed 9344K, reserved 1048576K
}
Event: 27.334 GC heap before
{Heap before GC invocations=18 (full 3):
 PSYoungGen      total 174592K, used 174578K [0x00000000e0000000, 0x00000000ec180000, 0x0000000100000000)
  eden space 157696K, 100% used [0x00000000e0000000,0x00000000e9a00000,0x00000000e9a00000)
  from space 16896K, 99% used [0x00000000ead80000,0x00000000ebdfc9e8,0x00000000ebe00000)
  to   space 19968K, 0% used [0x00000000e9a00000,0x00000000e9a00000,0x00000000ead80000)
 ParOldGen       total 142848K, used 39792K [0x00000000a0000000, 0x00000000a8b80000, 0x00000000e0000000)
  object space 142848K, 27% used [0x00000000a0000000,0x00000000a26dc328,0x00000000a8b80000)
 Metaspace       used 65127K, capacity 67820K, committed 68056K, reserved 1107968K
  class space    used 8812K, capacity 9383K, committed 9472K, reserved 1048576K
Event: 27.349 GC heap after
Heap after GC invocations=18 (full 3):
 PSYoungGen      total 177664K, used 16077K [0x00000000e0000000, 0x00000000edd00000, 0x0000000100000000)
  eden space 157696K, 0% used [0x00000000e0000000,0x00000000e0000000,0x00000000e9a00000)
  from space 19968K, 80% used [0x00000000e9a00000,0x00000000ea9b35a8,0x00000000ead80000)
  to   space 20992K, 0% used [0x00000000ec880000,0x00000000ec880000,0x00000000edd00000)
 ParOldGen       total 142848K, used 39800K [0x00000000a0000000, 0x00000000a8b80000, 0x00000000e0000000)
  object space 142848K, 27% used [0x00000000a0000000,0x00000000a26de328,0x00000000a8b80000)
 Metaspace       used 65127K, capacity 67820K, committed 68056K, reserved 1107968K
  class space    used 8812K, capacity 9383K, committed 9472K, reserved 1048576K
}

