# JRE version: OpenJDK Runtime Environment (8.0_152-b02) (build 1.8.0_152-release-1024-b02)
# Java VM: OpenJDK 64-Bit Server VM (25.152-b02 mixed mode windows-amd64 compressed oops)
Heap:
 PSYoungGen      total 217600K, used 146935K [0x00000000e0000000, 0x00000000f0a00000, 0x0000000100000000)
  eden space 195584K, 75% used [0x00000000e0000000,0x00000000e8f7dd18,0x00000000ebf00000)
  from space 22016K, 0% used [0x00000000ef480000,0x00000000ef480000,0x00000000f0a00000)
  to   space 22016K, 0% used [0x00000000ebf00000,0x00000000ebf00000,0x00000000ed480000)
 ParOldGen       total 123392K, used 39470K [0x00000000a0000000, 0x00000000a7880000, 0x00000000e0000000)
  object space 123392K, 31% used [0x00000000a0000000,0x00000000a268bb78,0x00000000a7880000)
 Metaspace       used 66424K, capacity 68985K, committed 69376K, reserved 1110016K
  class space    used 8804K, capacity 9351K, committed 9472K, reserved 1048576K
GC Heap History (10 events):
Event: 37.057 GC heap before
{Heap before GC invocations=14 (full 3):
 PSYoungGen      total 214016K, used 195359K [0x00000000e0000000, 0x00000000eea00000, 0x0000000100000000)
  eden space 195584K, 99% used [0x00000000e0000000,0x00000000ebec7c48,0x00000000ebf00000)
  from space 18432K, 0% used [0x00000000ed800000,0x00000000ed800000,0x00000000eea00000)
  to   space 22016K, 0% used [0x00000000ebf00000,0x00000000ebf00000,0x00000000ed480000)
 ParOldGen       total 98816K, used 39419K [0x00000000a0000000, 0x00000000a6080000, 0x00000000e0000000)
  object space 98816K, 39% used [0x00000000a0000000,0x00000000a267ef20,0x00000000a6080000)
 Metaspace       used 65152K, capacity 67739K, committed 67968K, reserved 1107968K
  class space    used 8718K, capacity 9312K, committed 9344K, reserved 1048576K
Event: 37.083 GC heap after
Heap after GC invocations=14 (full 3):
 PSYoungGen      total 217600K, used 14467K [0x00000000e0000000, 0x00000000f0a00000, 0x0000000100000000)
  eden space 195584K, 0% used [0x00000000e0000000,0x00000000e0000000,0x00000000ebf00000)
  from space 22016K, 65% used [0x00000000ebf00000,0x00000000ecd20c10,0x00000000ed480000)
  to   space 22016K, 0% used [0x00000000ef480000,0x00000000ef480000,0x00000000f0a00000)
 ParOldGen       total 98816K, used 39427K [0x00000000a0000000, 0x00000000a6080000, 0x00000000e0000000)
  object space 98816K, 39% used [0x00000000a0000000,0x00000000a2680f20,0x00000000a6080000)
 Metaspace       used 65152K, capacity 67739K, committed 67968K, reserved 1107968K
  class space    used 8718K, capacity 9312K, committed 9344K, reserved 1048576K
}
Event: 40.342 GC heap before
{Heap before GC invocations=15 (full 3):
 PSYoungGen      total 217600K, used 210051K [0x00000000e0000000, 0x00000000f0a00000, 0x0000000100000000)
  eden space 195584K, 100% used [0x00000000e0000000,0x00000000ebf00000,0x00000000ebf00000)
  from space 22016K, 65% used [0x00000000ebf00000,0x00000000ecd20c10,0x00000000ed480000)
  to   space 22016K, 0% used [0x00000000ef480000,0x00000000ef480000,0x00000000f0a00000)
 ParOldGen       total 98816K, used 39427K [0x00000000a0000000, 0x00000000a6080000, 0x00000000e0000000)
  object space 98816K, 39% used [0x00000000a0000000,0x00000000a2680f20,0x00000000a6080000)
 Metaspace       used 66018K, capacity 68653K, committed 68864K, reserved 1107968K
  class space    used 8827K, capacity 9417K, committed 9472K, reserved 1048576K
Event: 40.456 GC heap after
Heap after GC invocations=15 (full 3):
 PSYoungGen      total 217600K, used 21986K [0x00000000e0000000, 0x00000000f0a00000, 0x0000000100000000)
  eden space 195584K, 0% used [0x00000000e0000000,0x00000000e0000000,0x00000000ebf00000)
  from space 22016K, 99% used [0x00000000ef480000,0x00000000f09f88c8,0x00000000f0a00000)
  to   space 22016K, 0% used [0x00000000ebf00000,0x00000000ebf00000,0x00000000ed480000)
 ParOldGen       total 98816K, used 73866K [0x00000000a0000000, 0x00000000a6080000, 0x00000000e0000000)
  object space 98816K, 74% used [0x00000000a0000000,0x00000000a4822a48,0x00000000a6080000)
 Metaspace       used 66018K, capacity 68653K, committed 68864K, reserved 1107968K
  class space    used 8827K, capacity 9417K, committed 9472K, reserved 1048576K
}
Event: 44.720 GC heap before
{Heap before GC invocations=16 (full 3):
 PSYoungGen      total 217600K, used 217570K [0x00000000e0000000, 0x00000000f0a00000, 0x0000000100000000)
  eden space 195584K, 100% used [0x00000000e0000000,0x00000000ebf00000,0x00000000ebf00000)
  from space 22016K, 99% used [0x00000000ef480000,0x00000000f09f88c8,0x00000000f0a00000)
  to   space 22016K, 0% used [0x00000000ebf00000,0x00000000ebf00000,0x00000000ed480000)
 ParOldGen       total 98816K, used 73866K [0x00000000a0000000, 0x00000000a6080000, 0x00000000e0000000)
  object space 98816K, 74% used [0x00000000a0000000,0x00000000a4822a48,0x00000000a6080000)
 Metaspace       used 66432K, capacity 69101K, committed 69376K, reserved 1110016K
  class space    used 8848K, capacity 9437K, committed 9472K, reserved 1048576K
Event: 44.983 GC heap after
Heap after GC invocations=16 (full 3):
 PSYoungGen      total 217600K, used 217570K [0x00000000e0000000, 0x00000000f0a00000, 0x0000000100000000)
  eden space 195584K, 100% used [0x00000000e0000000,0x00000000ebf00000,0x00000000ebf00000)
  from space 22016K, 99% used [0x00000000ef480000,0x00000000f09f88c8,0x00000000f0a00000)
  to   space 22016K, 99% used [0x00000000ebf00000,0x00000000ed4794f8,0x00000000ed480000)
 ParOldGen       total 123392K, used 123387K [0x00000000a0000000, 0x00000000a7880000, 0x00000000e0000000)
  object space 123392K, 99% used [0x00000000a0000000,0x00000000a787efa8,0x00000000a7880000)
 Metaspace       used 66432K, capacity 69101K, committed 69376K, reserved 1110016K
  class space    used 8848K, capacity 9437K, committed 9472K, reserved 1048576K
}
Event: 44.983 GC heap before
{Heap before GC invocations=17 (full 4):
 PSYoungGen      total 217600K, used 217570K [0x00000000e0000000, 0x00000000f0a00000, 0x0000000100000000)
  eden space 195584K, 100% used [0x00000000e0000000,0x00000000ebf00000,0x00000000ebf00000)
  from space 22016K, 99% used [0x00000000ef480000,0x00000000f09f88c8,0x00000000f0a00000)
  to   space 22016K, 99% used [0x00000000ebf00000,0x00000000ed4794f8,0x00000000ed480000)
 ParOldGen       total 123392K, used 123387K [0x00000000a0000000, 0x00000000a7880000, 0x00000000e0000000)
  object space 123392K, 99% used [0x00000000a0000000,0x00000000a787efa8,0x00000000a7880000)
 Metaspace       used 66432K, capacity 69101K, committed 69376K, reserved 1110016K
  class space    used 8848K, capacity 9437K, committed 9472K, reserved 1048576K
Event: 46.265 GC heap after
Heap after GC invocations=17 (full 4):
 PSYoungGen      total 217600K, used 0K [0x00000000e0000000, 0x00000000f0a00000, 0x0000000100000000)
  eden space 195584K, 0% used [0x00000000e0000000,0x00000000e0000000,0x00000000ebf00000)
  from space 22016K, 0% used [0x00000000ef480000,0x00000000ef480000,0x00000000f0a00000)
  to   space 22016K, 88% used [0x00000000ebf00000,0x00000000ed1ec118,0x00000000ed480000)
 ParOldGen       total 123392K, used 122903K [0x00000000a0000000, 0x00000000a7880000, 0x00000000e0000000)
  object space 123392K, 99% used [0x00000000a0000000,0x00000000a7805cb8,0x00000000a7880000)
 Metaspace       used 66285K, capacity 68761K, committed 69376K, reserved 1110016K
  class space    used 8794K, capacity 9343K, committed 9472K, reserved 1048576K
}
Event: 47.696 GC heap before
{Heap before GC invocations=18 (full 5):
 PSYoungGen      total 217600K, used 194111K [0x00000000e0000000, 0x00000000f0a00000, 0x0000000100000000)
  eden space 195584K, 99% used [0x00000000e0000000,0x00000000ebd8fd40,0x00000000ebf00000)
  from space 22016K, 0% used [0x00000000ef480000,0x00000000ef480000,0x00000000f0a00000)
  to   space 22016K, 88% used [0x00000000ebf00000,0x00000000ed1ec118,0x00000000ed480000)
 ParOldGen       total 123392K, used 122903K [0x00000000a0000000, 0x00000000a7880000, 0x00000000e0000000)
  object space 123392K, 99% used [0x00000000a0000000,0x00000000a7805cb8,0x00000000a7880000)
 Metaspace       used 66371K, capacity 68855K, committed 69376K, reserved 1110016K
  class space    used 8802K, capacity 9350K, committed 9472K, reserved 1048576K
Event: 47.861 GC heap after
Heap after GC invocations=18 (full 5):
 PSYoungGen      total 217600K, used 0K [0x00000000e0000000, 0x00000000f0a00000, 0x0000000100000000)
  eden space 195584K, 0% used [0x00000000e0000000,0x00000000e0000000,0x00000000ebf00000)
  from space 22016K, 0% used [0x00000000ef480000,0x00000000ef480000,0x00000000f0a00000)
  to   space 22016K, 0% used [0x00000000ebf00000,0x00000000ebf00000,0x00000000ed480000)
 ParOldGen       total 123392K, used 39470K [0x00000000a0000000, 0x00000000a7880000, 0x00000000e0000000)
  object space 123392K, 31% used [0x00000000a0000000,0x00000000a268bb78,0x00000000a7880000)
 Metaspace       used 66369K, capacity 68849K, committed 69376K, reserved 1110016K
  class space    used 8802K, capacity 9349K, committed 9472K, reserved 1048576K
}

