# JRE version: OpenJDK Runtime Environment (8.0_152-b02) (build 1.8.0_152-release-1024-b02)
# Java VM: OpenJDK 64-Bit Server VM (25.152-b02 mixed mode windows-amd64 compressed oops)
Heap:
 PSYoungGen      total 169984K, used 114678K [0x00000000e0000000, 0x00000000ed580000, 0x0000000100000000)
  eden space 154112K, 64% used [0x00000000e0000000,0x00000000e60818e0,0x00000000e9680000)
  from space 15872K, 99% used [0x00000000e9680000,0x00000000ea5fc240,0x00000000ea600000)
  to   space 13312K, 0% used [0x00000000ea600000,0x00000000ea600000,0x00000000eb300000)
 ParOldGen       total 100352K, used 30884K [0x00000000a0000000, 0x00000000a6200000, 0x00000000e0000000)
  object space 100352K, 30% used [0x00000000a0000000,0x00000000a1e29320,0x00000000a6200000)
 Metaspace       used 54891K, capacity 56800K, committed 56832K, reserved 1097728K
  class space    used 7650K, capacity 8183K, committed 8192K, reserved 1048576K
GC Heap History (10 events):
Event: 5.236 GC heap before
{Heap before GC invocations=7 (full 1):
 PSYoungGen      total 71680K, used 66560K [0x00000000e0000000, 0x00000000e9600000, 0x0000000100000000)
  eden space 66560K, 100% used [0x00000000e0000000,0x00000000e4100000,0x00000000e4100000)
  from space 5120K, 0% used [0x00000000e4100000,0x00000000e4100000,0x00000000e4600000)
  to   space 10240K, 0% used [0x00000000e8c00000,0x00000000e8c00000,0x00000000e9600000)
 ParOldGen       total 59904K, used 8208K [0x00000000a0000000, 0x00000000a3a80000, 0x00000000e0000000)
  object space 59904K, 13% used [0x00000000a0000000,0x00000000a0804370,0x00000000a3a80000)
 Metaspace       used 26508K, capacity 27048K, committed 27136K, reserved 1073152K
  class space    used 3644K, capacity 3809K, committed 3840K, reserved 1048576K
Event: 5.247 GC heap after
Heap after GC invocations=7 (full 1):
 PSYoungGen      total 110592K, used 6795K [0x00000000e0000000, 0x00000000e9300000, 0x0000000100000000)
  eden space 103424K, 0% used [0x00000000e0000000,0x00000000e0000000,0x00000000e6500000)
  from space 7168K, 94% used [0x00000000e8c00000,0x00000000e92a2d78,0x00000000e9300000)
  to   space 9728K, 0% used [0x00000000e8000000,0x00000000e8000000,0x00000000e8980000)
 ParOldGen       total 59904K, used 8216K [0x00000000a0000000, 0x00000000a3a80000, 0x00000000e0000000)
  object space 59904K, 13% used [0x00000000a0000000,0x00000000a0806370,0x00000000a3a80000)
 Metaspace       used 26508K, capacity 27048K, committed 27136K, reserved 1073152K
  class space    used 3644K, capacity 3809K, committed 3840K, reserved 1048576K
}
Event: 7.348 GC heap before
{Heap before GC invocations=8 (full 1):
 PSYoungGen      total 110592K, used 104957K [0x00000000e0000000, 0x00000000e9300000, 0x0000000100000000)
  eden space 103424K, 94% used [0x00000000e0000000,0x00000000e5fdc6b8,0x00000000e6500000)
  from space 7168K, 94% used [0x00000000e8c00000,0x00000000e92a2d78,0x00000000e9300000)
  to   space 9728K, 0% used [0x00000000e8000000,0x00000000e8000000,0x00000000e8980000)
 ParOldGen       total 59904K, used 8216K [0x00000000a0000000, 0x00000000a3a80000, 0x00000000e0000000)
  object space 59904K, 13% used [0x00000000a0000000,0x00000000a0806370,0x00000000a3a80000)
 Metaspace       used 34564K, capacity 35300K, committed 35416K, reserved 1079296K
  class space    used 4840K, capacity 5091K, committed 5120K, reserved 1048576K
Event: 7.368 GC heap after
Heap after GC invocations=8 (full 1):
 PSYoungGen      total 140800K, used 9723K [0x00000000e0000000, 0x00000000eb300000, 0x0000000100000000)
  eden space 131072K, 0% used [0x00000000e0000000,0x00000000e0000000,0x00000000e8000000)
  from space 9728K, 99% used [0x00000000e8000000,0x00000000e897ef98,0x00000000e8980000)
  to   space 13312K, 0% used [0x00000000ea600000,0x00000000ea600000,0x00000000eb300000)
 ParOldGen       total 59904K, used 12724K [0x00000000a0000000, 0x00000000a3a80000, 0x00000000e0000000)
  object space 59904K, 21% used [0x00000000a0000000,0x00000000a0c6d2e0,0x00000000a3a80000)
 Metaspace       used 34564K, capacity 35300K, committed 35416K, reserved 1079296K
  class space    used 4840K, capacity 5091K, committed 5120K, reserved 1048576K
}
Event: 7.368 GC heap before
{Heap before GC invocations=9 (full 2):
 PSYoungGen      total 140800K, used 9723K [0x00000000e0000000, 0x00000000eb300000, 0x0000000100000000)
  eden space 131072K, 0% used [0x00000000e0000000,0x00000000e0000000,0x00000000e8000000)
  from space 9728K, 99% used [0x00000000e8000000,0x00000000e897ef98,0x00000000e8980000)
  to   space 13312K, 0% used [0x00000000ea600000,0x00000000ea600000,0x00000000eb300000)
 ParOldGen       total 59904K, used 12724K [0x00000000a0000000, 0x00000000a3a80000, 0x00000000e0000000)
  object space 59904K, 21% used [0x00000000a0000000,0x00000000a0c6d2e0,0x00000000a3a80000)
 Metaspace       used 34564K, capacity 35300K, committed 35416K, reserved 1079296K
  class space    used 4840K, capacity 5091K, committed 5120K, reserved 1048576K
Event: 7.470 GC heap after
Heap after GC invocations=9 (full 2):
 PSYoungGen      total 140800K, used 0K [0x00000000e0000000, 0x00000000eb300000, 0x0000000100000000)
  eden space 131072K, 0% used [0x00000000e0000000,0x00000000e0000000,0x00000000e8000000)
  from space 9728K, 0% used [0x00000000e8000000,0x00000000e8000000,0x00000000e8980000)
  to   space 13312K, 0% used [0x00000000ea600000,0x00000000ea600000,0x00000000eb300000)
 ParOldGen       total 100352K, used 20596K [0x00000000a0000000, 0x00000000a6200000, 0x00000000e0000000)
  object space 100352K, 20% used [0x00000000a0000000,0x00000000a141d1c0,0x00000000a6200000)
 Metaspace       used 34564K, capacity 35300K, committed 35416K, reserved 1079296K
  class space    used 4840K, capacity 5091K, committed 5120K, reserved 1048576K
}
Event: 9.251 GC heap before
{Heap before GC invocations=10 (full 2):
 PSYoungGen      total 140800K, used 131072K [0x00000000e0000000, 0x00000000eb300000, 0x0000000100000000)
  eden space 131072K, 100% used [0x00000000e0000000,0x00000000e8000000,0x00000000e8000000)
  from space 9728K, 0% used [0x00000000e8000000,0x00000000e8000000,0x00000000e8980000)
  to   space 13312K, 0% used [0x00000000ea600000,0x00000000ea600000,0x00000000eb300000)
 ParOldGen       total 100352K, used 20596K [0x00000000a0000000, 0x00000000a6200000, 0x00000000e0000000)
  object space 100352K, 20% used [0x00000000a0000000,0x00000000a141d1c0,0x00000000a6200000)
 Metaspace       used 42544K, capacity 43620K, committed 43904K, reserved 1087488K
  class space    used 5855K, capacity 6182K, committed 6272K, reserved 1048576K
Event: 9.282 GC heap after
Heap after GC invocations=10 (full 2):
 PSYoungGen      total 167424K, used 13298K [0x00000000e0000000, 0x00000000ed580000, 0x0000000100000000)
  eden space 154112K, 0% used [0x00000000e0000000,0x00000000e0000000,0x00000000e9680000)
  from space 13312K, 99% used [0x00000000ea600000,0x00000000eb2fc978,0x00000000eb300000)
  to   space 15872K, 0% used [0x00000000e9680000,0x00000000e9680000,0x00000000ea600000)
 ParOldGen       total 100352K, used 22109K [0x00000000a0000000, 0x00000000a6200000, 0x00000000e0000000)
  object space 100352K, 22% used [0x00000000a0000000,0x00000000a15974c8,0x00000000a6200000)
 Metaspace       used 42544K, capacity 43620K, committed 43904K, reserved 1087488K
  class space    used 5855K, capacity 6182K, committed 6272K, reserved 1048576K
}
Event: 11.781 GC heap before
{Heap before GC invocations=11 (full 2):
 PSYoungGen      total 167424K, used 167410K [0x00000000e0000000, 0x00000000ed580000, 0x0000000100000000)
  eden space 154112K, 100% used [0x00000000e0000000,0x00000000e9680000,0x00000000e9680000)
  from space 13312K, 99% used [0x00000000ea600000,0x00000000eb2fc978,0x00000000eb300000)
  to   space 15872K, 0% used [0x00000000e9680000,0x00000000e9680000,0x00000000ea600000)
 ParOldGen       total 100352K, used 22109K [0x00000000a0000000, 0x00000000a6200000, 0x00000000e0000000)
  object space 100352K, 22% used [0x00000000a0000000,0x00000000a15974c8,0x00000000a6200000)
 Metaspace       used 54034K, capacity 55836K, committed 55936K, reserved 1097728K
  class space    used 7508K, capacity 7973K, committed 8064K, reserved 1048576K
Event: 11.820 GC heap after
Heap after GC invocations=11 (full 2):
 PSYoungGen      total 169984K, used 15856K [0x00000000e0000000, 0x00000000ed580000, 0x0000000100000000)
  eden space 154112K, 0% used [0x00000000e0000000,0x00000000e0000000,0x00000000e9680000)
  from space 15872K, 99% used [0x00000000e9680000,0x00000000ea5fc240,0x00000000ea600000)
  to   space 13312K, 0% used [0x00000000ea600000,0x00000000ea600000,0x00000000eb300000)
 ParOldGen       total 100352K, used 30884K [0x00000000a0000000, 0x00000000a6200000, 0x00000000e0000000)
  object space 100352K, 30% used [0x00000000a0000000,0x00000000a1e29320,0x00000000a6200000)
 Metaspace       used 54034K, capacity 55836K, committed 55936K, reserved 1097728K
  class space    used 7508K, capacity 7973K, committed 8064K, reserved 1048576K
}

