# JRE version: OpenJDK Runtime Environment (8.0_152-b02) (build 1.8.0_152-release-1024-b02)
# Java VM: OpenJDK 64-Bit Server VM (25.152-b02 mixed mode windows-amd64 compressed oops)
Heap:
 PSYoungGen      total 220672K, used 140921K [0x00000000e0000000, 0x00000000ef100000, 0x0000000100000000)
  eden space 201728K, 69% used [0x00000000e0000000,0x00000000e899e488,0x00000000ec500000)
  from space 18944K, 0% used [0x00000000ede80000,0x00000000ede80000,0x00000000ef100000)
  to   space 22528K, 0% used [0x00000000ec500000,0x00000000ec500000,0x00000000edb00000)
 ParOldGen       total 151040K, used 39063K [0x00000000a0000000, 0x00000000a9380000, 0x00000000e0000000)
  object space 151040K, 25% used [0x00000000a0000000,0x00000000a2625f58,0x00000000a9380000)
 Metaspace       used 64121K, capacity 66647K, committed 66944K, reserved 1107968K
  class space    used 8651K, capacity 9254K, committed 9344K, reserved 1048576K
GC Heap History (10 events):
Event: 11.438 GC heap before
{Heap before GC invocations=9 (full 2):
 PSYoungGen      total 141312K, used 9698K [0x00000000e0000000, 0x00000000ebe80000, 0x0000000100000000)
  eden space 131584K, 0% used [0x00000000e0000000,0x00000000e0000000,0x00000000e8080000)
  from space 9728K, 99% used [0x00000000e8080000,0x00000000e89f8b28,0x00000000e8a00000)
  to   space 12800K, 0% used [0x00000000eb200000,0x00000000eb200000,0x00000000ebe80000)
 ParOldGen       total 58368K, used 11128K [0x00000000a0000000, 0x00000000a3900000, 0x00000000e0000000)
  object space 58368K, 19% used [0x00000000a0000000,0x00000000a0ade048,0x00000000a3900000)
 Metaspace       used 34492K, capacity 35197K, committed 35416K, reserved 1079296K
  class space    used 4757K, capacity 4992K, committed 4992K, reserved 1048576K
Event: 11.603 GC heap after
Heap after GC invocations=9 (full 2):
 PSYoungGen      total 141312K, used 0K [0x00000000e0000000, 0x00000000ebe80000, 0x0000000100000000)
  eden space 131584K, 0% used [0x00000000e0000000,0x00000000e0000000,0x00000000e8080000)
  from space 9728K, 0% used [0x00000000e8080000,0x00000000e8080000,0x00000000e8a00000)
  to   space 12800K, 0% used [0x00000000eb200000,0x00000000eb200000,0x00000000ebe80000)
 ParOldGen       total 97792K, used 19160K [0x00000000a0000000, 0x00000000a5f80000, 0x00000000e0000000)
  object space 97792K, 19% used [0x00000000a0000000,0x00000000a12b6020,0x00000000a5f80000)
 Metaspace       used 34492K, capacity 35197K, committed 35416K, reserved 1079296K
  class space    used 4757K, capacity 4992K, committed 4992K, reserved 1048576K
}
Event: 14.348 GC heap before
{Heap before GC invocations=10 (full 2):
 PSYoungGen      total 141312K, used 131584K [0x00000000e0000000, 0x00000000ebe80000, 0x0000000100000000)
  eden space 131584K, 100% used [0x00000000e0000000,0x00000000e8080000,0x00000000e8080000)
  from space 9728K, 0% used [0x00000000e8080000,0x00000000e8080000,0x00000000e8a00000)
  to   space 12800K, 0% used [0x00000000eb200000,0x00000000eb200000,0x00000000ebe80000)
 ParOldGen       total 97792K, used 19160K [0x00000000a0000000, 0x00000000a5f80000, 0x00000000e0000000)
  object space 97792K, 19% used [0x00000000a0000000,0x00000000a12b6020,0x00000000a5f80000)
 Metaspace       used 41839K, capacity 42845K, committed 43008K, reserved 1085440K
  class space    used 5730K, capacity 6050K, committed 6144K, reserved 1048576K
Event: 14.400 GC heap after
Heap after GC invocations=10 (full 2):
 PSYoungGen      total 179712K, used 12796K [0x00000000e0000000, 0x00000000ed280000, 0x0000000100000000)
  eden space 166912K, 0% used [0x00000000e0000000,0x00000000e0000000,0x00000000ea300000)
  from space 12800K, 99% used [0x00000000eb200000,0x00000000ebe7f3b0,0x00000000ebe80000)
  to   space 15360K, 0% used [0x00000000ea300000,0x00000000ea300000,0x00000000eb200000)
 ParOldGen       total 97792K, used 21134K [0x00000000a0000000, 0x00000000a5f80000, 0x00000000e0000000)
  object space 97792K, 21% used [0x00000000a0000000,0x00000000a14a3960,0x00000000a5f80000)
 Metaspace       used 41839K, capacity 42845K, committed 43008K, reserved 1085440K
  class space    used 5730K, capacity 6050K, committed 6144K, reserved 1048576K
}
Event: 19.003 GC heap before
{Heap before GC invocations=11 (full 2):
 PSYoungGen      total 179712K, used 179708K [0x00000000e0000000, 0x00000000ed280000, 0x0000000100000000)
  eden space 166912K, 100% used [0x00000000e0000000,0x00000000ea300000,0x00000000ea300000)
  from space 12800K, 99% used [0x00000000eb200000,0x00000000ebe7f3b0,0x00000000ebe80000)
  to   space 15360K, 0% used [0x00000000ea300000,0x00000000ea300000,0x00000000eb200000)
 ParOldGen       total 97792K, used 21134K [0x00000000a0000000, 0x00000000a5f80000, 0x00000000e0000000)
  object space 97792K, 21% used [0x00000000a0000000,0x00000000a14a3960,0x00000000a5f80000)
 Metaspace       used 53755K, capacity 55623K, committed 55808K, reserved 1097728K
  class space    used 7406K, capacity 7884K, committed 7936K, reserved 1048576K
Event: 19.052 GC heap after
Heap after GC invocations=11 (full 2):
 PSYoungGen      total 182272K, used 15333K [0x00000000e0000000, 0x00000000ef400000, 0x0000000100000000)
  eden space 166912K, 0% used [0x00000000e0000000,0x00000000e0000000,0x00000000ea300000)
  from space 15360K, 99% used [0x00000000ea300000,0x00000000eb1f9510,0x00000000eb200000)
  to   space 22016K, 0% used [0x00000000ede80000,0x00000000ede80000,0x00000000ef400000)
 ParOldGen       total 97792K, used 32660K [0x00000000a0000000, 0x00000000a5f80000, 0x00000000e0000000)
  object space 97792K, 33% used [0x00000000a0000000,0x00000000a1fe50f8,0x00000000a5f80000)
 Metaspace       used 53755K, capacity 55623K, committed 55808K, reserved 1097728K
  class space    used 7406K, capacity 7884K, committed 7936K, reserved 1048576K
}
Event: 27.157 GC heap before
{Heap before GC invocations=12 (full 2):
 PSYoungGen      total 182272K, used 143373K [0x00000000e0000000, 0x00000000ef400000, 0x0000000100000000)
  eden space 166912K, 76% used [0x00000000e0000000,0x00000000e7d0a118,0x00000000ea300000)
  from space 15360K, 99% used [0x00000000ea300000,0x00000000eb1f9510,0x00000000eb200000)
  to   space 22016K, 0% used [0x00000000ede80000,0x00000000ede80000,0x00000000ef400000)
 ParOldGen       total 97792K, used 32660K [0x00000000a0000000, 0x00000000a5f80000, 0x00000000e0000000)
  object space 97792K, 33% used [0x00000000a0000000,0x00000000a1fe50f8,0x00000000a5f80000)
 Metaspace       used 56976K, capacity 58863K, committed 59008K, reserved 1099776K
  class space    used 7728K, capacity 8216K, committed 8320K, reserved 1048576K
Event: 27.201 GC heap after
Heap after GC invocations=12 (full 2):
 PSYoungGen      total 220672K, used 14849K [0x00000000e0000000, 0x00000000ef100000, 0x0000000100000000)
  eden space 201728K, 0% used [0x00000000e0000000,0x00000000e0000000,0x00000000ec500000)
  from space 18944K, 78% used [0x00000000ede80000,0x00000000eed00678,0x00000000ef100000)
  to   space 22528K, 0% used [0x00000000ec500000,0x00000000ec500000,0x00000000edb00000)
 ParOldGen       total 97792K, used 39249K [0x00000000a0000000, 0x00000000a5f80000, 0x00000000e0000000)
  object space 97792K, 40% used [0x00000000a0000000,0x00000000a2654448,0x00000000a5f80000)
 Metaspace       used 56976K, capacity 58863K, committed 59008K, reserved 1099776K
  class space    used 7728K, capacity 8216K, committed 8320K, reserved 1048576K
}
Event: 27.202 GC heap before
{Heap before GC invocations=13 (full 3):
 PSYoungGen      total 220672K, used 14849K [0x00000000e0000000, 0x00000000ef100000, 0x0000000100000000)
  eden space 201728K, 0% used [0x00000000e0000000,0x00000000e0000000,0x00000000ec500000)
  from space 18944K, 78% used [0x00000000ede80000,0x00000000eed00678,0x00000000ef100000)
  to   space 22528K, 0% used [0x00000000ec500000,0x00000000ec500000,0x00000000edb00000)
 ParOldGen       total 97792K, used 39249K [0x00000000a0000000, 0x00000000a5f80000, 0x00000000e0000000)
  object space 97792K, 40% used [0x00000000a0000000,0x00000000a2654448,0x00000000a5f80000)
 Metaspace       used 56976K, capacity 58863K, committed 59008K, reserved 1099776K
  class space    used 7728K, capacity 8216K, committed 8320K, reserved 1048576K
Event: 27.556 GC heap after
Heap after GC invocations=13 (full 3):
 PSYoungGen      total 220672K, used 0K [0x00000000e0000000, 0x00000000ef100000, 0x0000000100000000)
  eden space 201728K, 0% used [0x00000000e0000000,0x00000000e0000000,0x00000000ec500000)
  from space 18944K, 0% used [0x00000000ede80000,0x00000000ede80000,0x00000000ef100000)
  to   space 22528K, 0% used [0x00000000ec500000,0x00000000ec500000,0x00000000edb00000)
 ParOldGen       total 151040K, used 39063K [0x00000000a0000000, 0x00000000a9380000, 0x00000000e0000000)
  object space 151040K, 25% used [0x00000000a0000000,0x00000000a2625f58,0x00000000a9380000)
 Metaspace       used 56976K, capacity 58863K, committed 59008K, reserved 1099776K
  class space    used 7728K, capacity 8216K, committed 8320K, reserved 1048576K
}

