# JRE version: OpenJDK Runtime Environment (8.0_152-b02) (build 1.8.0_152-release-1024-b02)
# Java VM: OpenJDK 64-Bit Server VM (25.152-b02 mixed mode windows-amd64 compressed oops)
Heap:
 PSYoungGen      total 148992K, used 7947K [0x00000000e0000000, 0x00000000ed000000, 0x0000000100000000)
  eden space 134144K, 5% used [0x00000000e0000000,0x00000000e07c2f08,0x00000000e8300000)
  from space 14848K, 0% used [0x00000000e8300000,0x00000000e8300000,0x00000000e9180000)
  to   space 19968K, 0% used [0x00000000ebc80000,0x00000000ebc80000,0x00000000ed000000)
 ParOldGen       total 147968K, used 46797K [0x00000000a0000000, 0x00000000a9080000, 0x00000000e0000000)
  object space 147968K, 31% used [0x00000000a0000000,0x00000000a2db3658,0x00000000a9080000)
 Metaspace       used 58736K, capacity 60498K, committed 60760K, reserved 1101824K
  class space    used 8032K, capacity 8481K, committed 8576K, reserved 1048576K
GC Heap History (10 events):
Event: 8.080 GC heap before
{Heap before GC invocations=12 (full 2):
 PSYoungGen      total 87040K, used 75776K [0x00000000e0000000, 0x00000000e7e80000, 0x0000000100000000)
  eden space 75776K, 100% used [0x00000000e0000000,0x00000000e4a00000,0x00000000e4a00000)
  from space 11264K, 0% used [0x00000000e4a00000,0x00000000e4a00000,0x00000000e5500000)
  to   space 11264K, 0% used [0x00000000e7380000,0x00000000e7380000,0x00000000e7e80000)
 ParOldGen       total 86016K, used 14616K [0x00000000a0000000, 0x00000000a5400000, 0x00000000e0000000)
  object space 86016K, 16% used [0x00000000a0000000,0x00000000a0e462c0,0x00000000a5400000)
 Metaspace       used 38689K, capacity 39336K, committed 39512K, reserved 1083392K
  class space    used 5275K, capacity 5494K, committed 5504K, reserved 1048576K
Event: 8.093 GC heap after
Heap after GC invocations=12 (full 2):
 PSYoungGen      total 110080K, used 7371K [0x00000000e0000000, 0x00000000e7b00000, 0x0000000100000000)
  eden space 102400K, 0% used [0x00000000e0000000,0x00000000e0000000,0x00000000e6400000)
  from space 7680K, 95% used [0x00000000e7380000,0x00000000e7ab2cb0,0x00000000e7b00000)
  to   space 11264K, 0% used [0x00000000e6500000,0x00000000e6500000,0x00000000e7000000)
 ParOldGen       total 86016K, used 14624K [0x00000000a0000000, 0x00000000a5400000, 0x00000000e0000000)
  object space 86016K, 17% used [0x00000000a0000000,0x00000000a0e482c0,0x00000000a5400000)
 Metaspace       used 38689K, capacity 39336K, committed 39512K, reserved 1083392K
  class space    used 5275K, capacity 5494K, committed 5504K, reserved 1048576K
}
Event: 9.938 GC heap before
{Heap before GC invocations=13 (full 2):
 PSYoungGen      total 110080K, used 109771K [0x00000000e0000000, 0x00000000e7b00000, 0x0000000100000000)
  eden space 102400K, 100% used [0x00000000e0000000,0x00000000e6400000,0x00000000e6400000)
  from space 7680K, 95% used [0x00000000e7380000,0x00000000e7ab2cb0,0x00000000e7b00000)
  to   space 11264K, 0% used [0x00000000e6500000,0x00000000e6500000,0x00000000e7000000)
 ParOldGen       total 86016K, used 14624K [0x00000000a0000000, 0x00000000a5400000, 0x00000000e0000000)
  object space 86016K, 17% used [0x00000000a0000000,0x00000000a0e482c0,0x00000000a5400000)
 Metaspace       used 46407K, capacity 47312K, committed 47576K, reserved 1089536K
  class space    used 6307K, capacity 6593K, committed 6656K, reserved 1048576K
Event: 9.960 GC heap after
Heap after GC invocations=13 (full 2):
 PSYoungGen      total 114688K, used 11261K [0x00000000e0000000, 0x00000000e9f00000, 0x0000000100000000)
  eden space 103424K, 0% used [0x00000000e0000000,0x00000000e0000000,0x00000000e6500000)
  from space 11264K, 99% used [0x00000000e6500000,0x00000000e6fff610,0x00000000e7000000)
  to   space 13824K, 0% used [0x00000000e9180000,0x00000000e9180000,0x00000000e9f00000)
 ParOldGen       total 86016K, used 19179K [0x00000000a0000000, 0x00000000a5400000, 0x00000000e0000000)
  object space 86016K, 22% used [0x00000000a0000000,0x00000000a12bad80,0x00000000a5400000)
 Metaspace       used 46407K, capacity 47312K, committed 47576K, reserved 1089536K
  class space    used 6307K, capacity 6593K, committed 6656K, reserved 1048576K
}
Event: 12.475 GC heap before
{Heap before GC invocations=14 (full 2):
 PSYoungGen      total 114688K, used 114685K [0x00000000e0000000, 0x00000000e9f00000, 0x0000000100000000)
  eden space 103424K, 100% used [0x00000000e0000000,0x00000000e6500000,0x00000000e6500000)
  from space 11264K, 99% used [0x00000000e6500000,0x00000000e6fff610,0x00000000e7000000)
  to   space 13824K, 0% used [0x00000000e9180000,0x00000000e9180000,0x00000000e9f00000)
 ParOldGen       total 86016K, used 19179K [0x00000000a0000000, 0x00000000a5400000, 0x00000000e0000000)
  object space 86016K, 22% used [0x00000000a0000000,0x00000000a12bad80,0x00000000a5400000)
 Metaspace       used 53589K, capacity 55272K, committed 55384K, reserved 1097728K
  class space    used 7362K, capacity 7795K, committed 7808K, reserved 1048576K
Event: 12.507 GC heap after
Heap after GC invocations=14 (full 2):
 PSYoungGen      total 147968K, used 12013K [0x00000000e0000000, 0x00000000ea080000, 0x0000000100000000)
  eden space 134144K, 0% used [0x00000000e0000000,0x00000000e0000000,0x00000000e8300000)
  from space 13824K, 86% used [0x00000000e9180000,0x00000000e9d3b490,0x00000000e9f00000)
  to   space 14848K, 0% used [0x00000000e8300000,0x00000000e8300000,0x00000000e9180000)
 ParOldGen       total 86016K, used 29965K [0x00000000a0000000, 0x00000000a5400000, 0x00000000e0000000)
  object space 86016K, 34% used [0x00000000a0000000,0x00000000a1d436e8,0x00000000a5400000)
 Metaspace       used 53589K, capacity 55272K, committed 55384K, reserved 1097728K
  class space    used 7362K, capacity 7795K, committed 7808K, reserved 1048576K
}
Event: 16.643 GC heap before
{Heap before GC invocations=15 (full 2):
 PSYoungGen      total 147968K, used 133339K [0x00000000e0000000, 0x00000000ea080000, 0x0000000100000000)
  eden space 134144K, 90% used [0x00000000e0000000,0x00000000e767b980,0x00000000e8300000)
  from space 13824K, 86% used [0x00000000e9180000,0x00000000e9d3b490,0x00000000e9f00000)
  to   space 14848K, 0% used [0x00000000e8300000,0x00000000e8300000,0x00000000e9180000)
 ParOldGen       total 86016K, used 29965K [0x00000000a0000000, 0x00000000a5400000, 0x00000000e0000000)
  object space 86016K, 34% used [0x00000000a0000000,0x00000000a1d436e8,0x00000000a5400000)
 Metaspace       used 57171K, capacity 58898K, committed 58968K, reserved 1099776K
  class space    used 7830K, capacity 8289K, committed 8320K, reserved 1048576K
Event: 16.715 GC heap after
Heap after GC invocations=15 (full 2):
 PSYoungGen      total 148992K, used 14824K [0x00000000e0000000, 0x00000000ed000000, 0x0000000100000000)
  eden space 134144K, 0% used [0x00000000e0000000,0x00000000e0000000,0x00000000e8300000)
  from space 14848K, 99% used [0x00000000e8300000,0x00000000e917a0d8,0x00000000e9180000)
  to   space 19968K, 0% used [0x00000000ebc80000,0x00000000ebc80000,0x00000000ed000000)
 ParOldGen       total 86016K, used 38444K [0x00000000a0000000, 0x00000000a5400000, 0x00000000e0000000)
  object space 86016K, 44% used [0x00000000a0000000,0x00000000a258b280,0x00000000a5400000)
 Metaspace       used 57171K, capacity 58898K, committed 58968K, reserved 1099776K
  class space    used 7830K, capacity 8289K, committed 8320K, reserved 1048576K
}
Event: 16.715 GC heap before
{Heap before GC invocations=16 (full 3):
 PSYoungGen      total 148992K, used 14824K [0x00000000e0000000, 0x00000000ed000000, 0x0000000100000000)
  eden space 134144K, 0% used [0x00000000e0000000,0x00000000e0000000,0x00000000e8300000)
  from space 14848K, 99% used [0x00000000e8300000,0x00000000e917a0d8,0x00000000e9180000)
  to   space 19968K, 0% used [0x00000000ebc80000,0x00000000ebc80000,0x00000000ed000000)
 ParOldGen       total 86016K, used 38444K [0x00000000a0000000, 0x00000000a5400000, 0x00000000e0000000)
  object space 86016K, 44% used [0x00000000a0000000,0x00000000a258b280,0x00000000a5400000)
 Metaspace       used 57171K, capacity 58898K, committed 58968K, reserved 1099776K
  class space    used 7830K, capacity 8289K, committed 8320K, reserved 1048576K
Event: 17.122 GC heap after
Heap after GC invocations=16 (full 3):
 PSYoungGen      total 148992K, used 0K [0x00000000e0000000, 0x00000000ed000000, 0x0000000100000000)
  eden space 134144K, 0% used [0x00000000e0000000,0x00000000e0000000,0x00000000e8300000)
  from space 14848K, 0% used [0x00000000e8300000,0x00000000e8300000,0x00000000e9180000)
  to   space 19968K, 0% used [0x00000000ebc80000,0x00000000ebc80000,0x00000000ed000000)
 ParOldGen       total 147968K, used 46797K [0x00000000a0000000, 0x00000000a9080000, 0x00000000e0000000)
  object space 147968K, 31% used [0x00000000a0000000,0x00000000a2db3658,0x00000000a9080000)
 Metaspace       used 57171K, capacity 58898K, committed 58968K, reserved 1099776K
  class space    used 7830K, capacity 8289K, committed 8320K, reserved 1048576K
}

