# JRE version: OpenJDK Runtime Environment (8.0_152-b02) (build 1.8.0_152-release-1024-b02)
# Java VM: OpenJDK 64-Bit Server VM (25.152-b02 mixed mode windows-amd64 compressed oops)
Heap:
 PSYoungGen      total 180224K, used 65339K [0x00000000e0000000, 0x00000000ecf00000, 0x0000000100000000)
  eden space 161280K, 28% used [0x00000000e0000000,0x00000000e2d67848,0x00000000e9d80000)
  from space 18944K, 99% used [0x00000000ebc80000,0x00000000ecee7538,0x00000000ecf00000)
  to   space 22528K, 0% used [0x00000000ea300000,0x00000000ea300000,0x00000000eb900000)
 ParOldGen       total 148480K, used 46388K [0x00000000a0000000, 0x00000000a9100000, 0x00000000e0000000)
  object space 148480K, 31% used [0x00000000a0000000,0x00000000a2d4d198,0x00000000a9100000)
 Metaspace       used 69507K, capacity 72248K, committed 72536K, reserved 1112064K
  class space    used 9463K, capacity 10036K, committed 10112K, reserved 1048576K
GC Heap History (10 events):
Event: 13.788 GC heap before
{Heap before GC invocations=13 (full 2):
 PSYoungGen      total 113664K, used 113347K [0x00000000e0000000, 0x00000000e7e80000, 0x0000000100000000)
  eden space 105472K, 100% used [0x00000000e0000000,0x00000000e6700000,0x00000000e6700000)
  from space 8192K, 96% used [0x00000000e7680000,0x00000000e7e30e40,0x00000000e7e80000)
  to   space 10752K, 0% used [0x00000000e6980000,0x00000000e6980000,0x00000000e7400000)
 ParOldGen       total 85504K, used 14416K [0x00000000a0000000, 0x00000000a5380000, 0x00000000e0000000)
  object space 85504K, 16% used [0x00000000a0000000,0x00000000a0e140c8,0x00000000a5380000)
 Metaspace       used 47067K, capacity 48176K, committed 48472K, reserved 1091584K
  class space    used 6396K, capacity 6677K, committed 6784K, reserved 1048576K
Event: 13.811 GC heap after
Heap after GC invocations=13 (full 2):
 PSYoungGen      total 118784K, used 10738K [0x00000000e0000000, 0x00000000ea280000, 0x0000000100000000)
  eden space 108032K, 0% used [0x00000000e0000000,0x00000000e0000000,0x00000000e6980000)
  from space 10752K, 99% used [0x00000000e6980000,0x00000000e73fcbc0,0x00000000e7400000)
  to   space 14336K, 0% used [0x00000000e9480000,0x00000000e9480000,0x00000000ea280000)
 ParOldGen       total 85504K, used 19997K [0x00000000a0000000, 0x00000000a5380000, 0x00000000e0000000)
  object space 85504K, 23% used [0x00000000a0000000,0x00000000a13875d8,0x00000000a5380000)
 Metaspace       used 47067K, capacity 48176K, committed 48472K, reserved 1091584K
  class space    used 6396K, capacity 6677K, committed 6784K, reserved 1048576K
}
Event: 16.317 GC heap before
{Heap before GC invocations=14 (full 2):
 PSYoungGen      total 118784K, used 118770K [0x00000000e0000000, 0x00000000ea280000, 0x0000000100000000)
  eden space 108032K, 100% used [0x00000000e0000000,0x00000000e6980000,0x00000000e6980000)
  from space 10752K, 99% used [0x00000000e6980000,0x00000000e73fcbc0,0x00000000e7400000)
  to   space 14336K, 0% used [0x00000000e9480000,0x00000000e9480000,0x00000000ea280000)
 ParOldGen       total 85504K, used 19997K [0x00000000a0000000, 0x00000000a5380000, 0x00000000e0000000)
  object space 85504K, 23% used [0x00000000a0000000,0x00000000a13875d8,0x00000000a5380000)
 Metaspace       used 54266K, capacity 56050K, committed 56280K, reserved 1097728K
  class space    used 7465K, capacity 7915K, committed 7936K, reserved 1048576K
Event: 16.346 GC heap after
Heap after GC invocations=14 (full 2):
 PSYoungGen      total 151040K, used 12641K [0x00000000e0000000, 0x00000000ea600000, 0x0000000100000000)
  eden space 136704K, 0% used [0x00000000e0000000,0x00000000e0000000,0x00000000e8580000)
  from space 14336K, 88% used [0x00000000e9480000,0x00000000ea0d85b0,0x00000000ea280000)
  to   space 15360K, 0% used [0x00000000e8580000,0x00000000e8580000,0x00000000e9480000)
 ParOldGen       total 85504K, used 25820K [0x00000000a0000000, 0x00000000a5380000, 0x00000000e0000000)
  object space 85504K, 30% used [0x00000000a0000000,0x00000000a1937370,0x00000000a5380000)
 Metaspace       used 54266K, capacity 56050K, committed 56280K, reserved 1097728K
  class space    used 7465K, capacity 7915K, committed 7936K, reserved 1048576K
}
Event: 19.945 GC heap before
{Heap before GC invocations=15 (full 2):
 PSYoungGen      total 151040K, used 121528K [0x00000000e0000000, 0x00000000ea600000, 0x0000000100000000)
  eden space 136704K, 79% used [0x00000000e0000000,0x00000000e6a55aa0,0x00000000e8580000)
  from space 14336K, 88% used [0x00000000e9480000,0x00000000ea0d85b0,0x00000000ea280000)
  to   space 15360K, 0% used [0x00000000e8580000,0x00000000e8580000,0x00000000e9480000)
 ParOldGen       total 85504K, used 25820K [0x00000000a0000000, 0x00000000a5380000, 0x00000000e0000000)
  object space 85504K, 30% used [0x00000000a0000000,0x00000000a1937370,0x00000000a5380000)
 Metaspace       used 57124K, capacity 58910K, committed 58968K, reserved 1099776K
  class space    used 7827K, capacity 8289K, committed 8320K, reserved 1048576K
Event: 19.981 GC heap after
Heap after GC invocations=15 (full 2):
 PSYoungGen      total 152064K, used 15344K [0x00000000e0000000, 0x00000000ed000000, 0x0000000100000000)
  eden space 136704K, 0% used [0x00000000e0000000,0x00000000e0000000,0x00000000e8580000)
  from space 15360K, 99% used [0x00000000e8580000,0x00000000e947c050,0x00000000e9480000)
  to   space 19968K, 0% used [0x00000000ebc80000,0x00000000ebc80000,0x00000000ed000000)
 ParOldGen       total 85504K, used 32956K [0x00000000a0000000, 0x00000000a5380000, 0x00000000e0000000)
  object space 85504K, 38% used [0x00000000a0000000,0x00000000a202f3c8,0x00000000a5380000)
 Metaspace       used 57124K, capacity 58910K, committed 58968K, reserved 1099776K
  class space    used 7827K, capacity 8289K, committed 8320K, reserved 1048576K
}
Event: 19.981 GC heap before
{Heap before GC invocations=16 (full 3):
 PSYoungGen      total 152064K, used 15344K [0x00000000e0000000, 0x00000000ed000000, 0x0000000100000000)
  eden space 136704K, 0% used [0x00000000e0000000,0x00000000e0000000,0x00000000e8580000)
  from space 15360K, 99% used [0x00000000e8580000,0x00000000e947c050,0x00000000e9480000)
  to   space 19968K, 0% used [0x00000000ebc80000,0x00000000ebc80000,0x00000000ed000000)
 ParOldGen       total 85504K, used 32956K [0x00000000a0000000, 0x00000000a5380000, 0x00000000e0000000)
  object space 85504K, 38% used [0x00000000a0000000,0x00000000a202f3c8,0x00000000a5380000)
 Metaspace       used 57124K, capacity 58910K, committed 58968K, reserved 1099776K
  class space    used 7827K, capacity 8289K, committed 8320K, reserved 1048576K
Event: 20.622 GC heap after
Heap after GC invocations=16 (full 3):
 PSYoungGen      total 152064K, used 0K [0x00000000e0000000, 0x00000000ed000000, 0x0000000100000000)
  eden space 136704K, 0% used [0x00000000e0000000,0x00000000e0000000,0x00000000e8580000)
  from space 15360K, 0% used [0x00000000e8580000,0x00000000e8580000,0x00000000e9480000)
  to   space 19968K, 0% used [0x00000000ebc80000,0x00000000ebc80000,0x00000000ed000000)
 ParOldGen       total 148480K, used 46380K [0x00000000a0000000, 0x00000000a9100000, 0x00000000e0000000)
  object space 148480K, 31% used [0x00000000a0000000,0x00000000a2d4b198,0x00000000a9100000)
 Metaspace       used 57124K, capacity 58910K, committed 58968K, reserved 1099776K
  class space    used 7827K, capacity 8289K, committed 8320K, reserved 1048576K
}
Event: 24.477 GC heap before
{Heap before GC invocations=17 (full 3):
 PSYoungGen      total 152064K, used 136704K [0x00000000e0000000, 0x00000000ed000000, 0x0000000100000000)
  eden space 136704K, 100% used [0x00000000e0000000,0x00000000e8580000,0x00000000e8580000)
  from space 15360K, 0% used [0x00000000e8580000,0x00000000e8580000,0x00000000e9480000)
  to   space 19968K, 0% used [0x00000000ebc80000,0x00000000ebc80000,0x00000000ed000000)
 ParOldGen       total 148480K, used 46380K [0x00000000a0000000, 0x00000000a9100000, 0x00000000e0000000)
  object space 148480K, 31% used [0x00000000a0000000,0x00000000a2d4b198,0x00000000a9100000)
 Metaspace       used 67637K, capacity 70292K, committed 70488K, reserved 1110016K
  class space    used 9251K, capacity 9802K, committed 9856K, reserved 1048576K
Event: 24.508 GC heap after
Heap after GC invocations=17 (full 3):
 PSYoungGen      total 180224K, used 18845K [0x00000000e0000000, 0x00000000ecf00000, 0x0000000100000000)
  eden space 161280K, 0% used [0x00000000e0000000,0x00000000e0000000,0x00000000e9d80000)
  from space 18944K, 99% used [0x00000000ebc80000,0x00000000ecee7538,0x00000000ecf00000)
  to   space 22528K, 0% used [0x00000000ea300000,0x00000000ea300000,0x00000000eb900000)
 ParOldGen       total 148480K, used 46388K [0x00000000a0000000, 0x00000000a9100000, 0x00000000e0000000)
  object space 148480K, 31% used [0x00000000a0000000,0x00000000a2d4d198,0x00000000a9100000)
 Metaspace       used 67637K, capacity 70292K, committed 70488K, reserved 1110016K
  class space    used 9251K, capacity 9802K, committed 9856K, reserved 1048576K
}

