# JRE version: OpenJDK Runtime Environment (8.0_152-b02) (build 1.8.0_152-release-1024-b02)
# Java VM: OpenJDK 64-Bit Server VM (25.152-b02 mixed mode windows-amd64 compressed oops)
Heap:
 PSYoungGen      total 190976K, used 5846K [0x00000000e0000000, 0x00000000ee680000, 0x0000000100000000)
  eden space 171520K, 3% used [0x00000000e0000000,0x00000000e05b5808,0x00000000ea780000)
  from space 19456K, 0% used [0x00000000ead00000,0x00000000ead00000,0x00000000ec000000)
  to   space 32256K, 0% used [0x00000000ec700000,0x00000000ec700000,0x00000000ee680000)
 ParOldGen       total 206336K, used 56695K [0x00000000a0000000, 0x00000000ac980000, 0x00000000e0000000)
  object space 206336K, 27% used [0x00000000a0000000,0x00000000a375dfb0,0x00000000ac980000)
 Metaspace       used 91976K, capacity 96718K, committed 98264K, reserved 1134592K
  class space    used 11694K, capacity 12699K, committed 13056K, reserved 1048576K
GC Heap History (10 events):
Event: 3998.889 GC heap before
{Heap before GC invocations=31 (full 3):
 PSYoungGen      total 206336K, used 206156K [0x00000000e0000000, 0x00000000efa80000, 0x0000000100000000)
  eden space 195072K, 100% used [0x00000000e0000000,0x00000000ebe80000,0x00000000ebe80000)
  from space 11264K, 98% used [0x00000000ec500000,0x00000000ecfd3000,0x00000000ed000000)
  to   space 30720K, 0% used [0x00000000edc80000,0x00000000edc80000,0x00000000efa80000)
 ParOldGen       total 137728K, used 62410K [0x00000000a0000000, 0x00000000a8680000, 0x00000000e0000000)
  object space 137728K, 45% used [0x00000000a0000000,0x00000000a3cf2878,0x00000000a8680000)
 Metaspace       used 89191K, capacity 94344K, committed 94552K, reserved 1130496K
  class space    used 11506K, capacity 12585K, committed 12672K, reserved 1048576K
Event: 3998.964 GC heap after
Heap after GC invocations=31 (full 3):
 PSYoungGen      total 217600K, used 24699K [0x00000000e0000000, 0x00000000ef880000, 0x0000000100000000)
  eden space 188928K, 0% used [0x00000000e0000000,0x00000000e0000000,0x00000000eb880000)
  from space 28672K, 86% used [0x00000000edc80000,0x00000000ef49efe0,0x00000000ef880000)
  to   space 32768K, 0% used [0x00000000eb880000,0x00000000eb880000,0x00000000ed880000)
 ParOldGen       total 137728K, used 62418K [0x00000000a0000000, 0x00000000a8680000, 0x00000000e0000000)
  object space 137728K, 45% used [0x00000000a0000000,0x00000000a3cf4878,0x00000000a8680000)
 Metaspace       used 89191K, capacity 94344K, committed 94552K, reserved 1130496K
  class space    used 11506K, capacity 12585K, committed 12672K, reserved 1048576K
}
Event: 4013.248 GC heap before
{Heap before GC invocations=32 (full 3):
 PSYoungGen      total 217600K, used 213627K [0x00000000e0000000, 0x00000000ef880000, 0x0000000100000000)
  eden space 188928K, 100% used [0x00000000e0000000,0x00000000eb880000,0x00000000eb880000)
  from space 28672K, 86% used [0x00000000edc80000,0x00000000ef49efe0,0x00000000ef880000)
  to   space 32768K, 0% used [0x00000000eb880000,0x00000000eb880000,0x00000000ed880000)
 ParOldGen       total 137728K, used 62418K [0x00000000a0000000, 0x00000000a8680000, 0x00000000e0000000)
  object space 137728K, 45% used [0x00000000a0000000,0x00000000a3cf4878,0x00000000a8680000)
 Metaspace       used 90132K, capacity 95558K, committed 95704K, reserved 1132544K
  class space    used 11616K, capacity 12732K, committed 12800K, reserved 1048576K
Event: 4013.293 GC heap after
Heap after GC invocations=32 (full 3):
 PSYoungGen      total 208384K, used 25262K [0x00000000e0000000, 0x00000000ef580000, 0x0000000100000000)
  eden space 182784K, 0% used [0x00000000e0000000,0x00000000e0000000,0x00000000eb280000)
  from space 25600K, 98% used [0x00000000eb880000,0x00000000ed12b980,0x00000000ed180000)
  to   space 34304K, 0% used [0x00000000ed400000,0x00000000ed400000,0x00000000ef580000)
 ParOldGen       total 137728K, used 62426K [0x00000000a0000000, 0x00000000a8680000, 0x00000000e0000000)
  object space 137728K, 45% used [0x00000000a0000000,0x00000000a3cf6878,0x00000000a8680000)
 Metaspace       used 90132K, capacity 95558K, committed 95704K, reserved 1132544K
  class space    used 11616K, capacity 12732K, committed 12800K, reserved 1048576K
}
Event: 4738.364 GC heap before
{Heap before GC invocations=33 (full 3):
 PSYoungGen      total 208384K, used 208046K [0x00000000e0000000, 0x00000000ef580000, 0x0000000100000000)
  eden space 182784K, 100% used [0x00000000e0000000,0x00000000eb280000,0x00000000eb280000)
  from space 25600K, 98% used [0x00000000eb880000,0x00000000ed12b980,0x00000000ed180000)
  to   space 34304K, 0% used [0x00000000ed400000,0x00000000ed400000,0x00000000ef580000)
 ParOldGen       total 137728K, used 62426K [0x00000000a0000000, 0x00000000a8680000, 0x00000000e0000000)
  object space 137728K, 45% used [0x00000000a0000000,0x00000000a3cf6878,0x00000000a8680000)
 Metaspace       used 92459K, capacity 97942K, committed 98264K, reserved 1134592K
  class space    used 11845K, capacity 12974K, committed 13056K, reserved 1048576K
Event: 4738.453 GC heap after
Heap after GC invocations=33 (full 3):
 PSYoungGen      total 203776K, used 13825K [0x00000000e0000000, 0x00000000eee00000, 0x0000000100000000)
  eden space 177152K, 0% used [0x00000000e0000000,0x00000000e0000000,0x00000000ead00000)
  from space 26624K, 51% used [0x00000000ed400000,0x00000000ee180510,0x00000000eee00000)
  to   space 33280K, 0% used [0x00000000ead00000,0x00000000ead00000,0x00000000ecd80000)
 ParOldGen       total 137728K, used 62434K [0x00000000a0000000, 0x00000000a8680000, 0x00000000e0000000)
  object space 137728K, 45% used [0x00000000a0000000,0x00000000a3cf8878,0x00000000a8680000)
 Metaspace       used 92459K, capacity 97942K, committed 98264K, reserved 1134592K
  class space    used 11845K, capacity 12974K, committed 13056K, reserved 1048576K
}
Event: 4750.156 GC heap before
{Heap before GC invocations=34 (full 3):
 PSYoungGen      total 203776K, used 179237K [0x00000000e0000000, 0x00000000eee00000, 0x0000000100000000)
  eden space 177152K, 93% used [0x00000000e0000000,0x00000000ea189208,0x00000000ead00000)
  from space 26624K, 51% used [0x00000000ed400000,0x00000000ee180510,0x00000000eee00000)
  to   space 33280K, 0% used [0x00000000ead00000,0x00000000ead00000,0x00000000ecd80000)
 ParOldGen       total 137728K, used 62434K [0x00000000a0000000, 0x00000000a8680000, 0x00000000e0000000)
  object space 137728K, 45% used [0x00000000a0000000,0x00000000a3cf8878,0x00000000a8680000)
 Metaspace       used 92639K, capacity 98118K, committed 98264K, reserved 1134592K
  class space    used 11862K, capacity 13008K, committed 13056K, reserved 1048576K
Event: 4750.182 GC heap after
Heap after GC invocations=34 (full 3):
 PSYoungGen      total 190976K, used 19057K [0x00000000e0000000, 0x00000000ee680000, 0x0000000100000000)
  eden space 171520K, 0% used [0x00000000e0000000,0x00000000e0000000,0x00000000ea780000)
  from space 19456K, 97% used [0x00000000ead00000,0x00000000ebf9c560,0x00000000ec000000)
  to   space 32256K, 0% used [0x00000000ec700000,0x00000000ec700000,0x00000000ee680000)
 ParOldGen       total 137728K, used 62442K [0x00000000a0000000, 0x00000000a8680000, 0x00000000e0000000)
  object space 137728K, 45% used [0x00000000a0000000,0x00000000a3cfa878,0x00000000a8680000)
 Metaspace       used 92639K, capacity 98118K, committed 98264K, reserved 1134592K
  class space    used 11862K, capacity 13008K, committed 13056K, reserved 1048576K
}
Event: 4750.182 GC heap before
{Heap before GC invocations=35 (full 4):
 PSYoungGen      total 190976K, used 19057K [0x00000000e0000000, 0x00000000ee680000, 0x0000000100000000)
  eden space 171520K, 0% used [0x00000000e0000000,0x00000000e0000000,0x00000000ea780000)
  from space 19456K, 97% used [0x00000000ead00000,0x00000000ebf9c560,0x00000000ec000000)
  to   space 32256K, 0% used [0x00000000ec700000,0x00000000ec700000,0x00000000ee680000)
 ParOldGen       total 137728K, used 62442K [0x00000000a0000000, 0x00000000a8680000, 0x00000000e0000000)
  object space 137728K, 45% used [0x00000000a0000000,0x00000000a3cfa878,0x00000000a8680000)
 Metaspace       used 92639K, capacity 98118K, committed 98264K, reserved 1134592K
  class space    used 11862K, capacity 13008K, committed 13056K, reserved 1048576K
Event: 4752.052 GC heap after
Heap after GC invocations=35 (full 4):
 PSYoungGen      total 190976K, used 0K [0x00000000e0000000, 0x00000000ee680000, 0x0000000100000000)
  eden space 171520K, 0% used [0x00000000e0000000,0x00000000e0000000,0x00000000ea780000)
  from space 19456K, 0% used [0x00000000ead00000,0x00000000ead00000,0x00000000ec000000)
  to   space 32256K, 0% used [0x00000000ec700000,0x00000000ec700000,0x00000000ee680000)
 ParOldGen       total 206336K, used 56695K [0x00000000a0000000, 0x00000000ac980000, 0x00000000e0000000)
  object space 206336K, 27% used [0x00000000a0000000,0x00000000a375dfb0,0x00000000ac980000)
 Metaspace       used 91915K, capacity 96654K, committed 98264K, reserved 1134592K
  class space    used 11687K, capacity 12699K, committed 13056K, reserved 1048576K
}

