# JRE version: OpenJDK Runtime Environment (8.0_152-b02) (build 1.8.0_152-release-1024-b02)
# Java VM: OpenJDK 64-Bit Server VM (25.152-b02 mixed mode windows-amd64 compressed oops)
Heap:
 PSYoungGen      total 164352K, used 117626K [0x00000000e0000000, 0x00000000ed600000, 0x0000000100000000)
  eden space 151040K, 69% used [0x00000000e0000000,0x00000000e65e1fb0,0x00000000e9380000)
  from space 13312K, 99% used [0x00000000ea300000,0x00000000eaffcb40,0x00000000eb000000)
  to   space 15872K, 0% used [0x00000000e9380000,0x00000000e9380000,0x00000000ea300000)
 ParOldGen       total 101376K, used 22152K [0x00000000a0000000, 0x00000000a6300000, 0x00000000e0000000)
  object space 101376K, 21% used [0x00000000a0000000,0x00000000a15a21f0,0x00000000a6300000)
 Metaspace       used 51972K, capacity 53702K, committed 54016K, reserved 1095680K
  class space    used 7153K, capacity 7607K, committed 7680K, reserved 1048576K
GC Heap History (10 events):
Event: 4.393 GC heap before
{Heap before GC invocations=6 (full 1):
 PSYoungGen      total 71680K, used 5108K [0x00000000e0000000, 0x00000000e9600000, 0x0000000100000000)
  eden space 66560K, 0% used [0x00000000e0000000,0x00000000e0000000,0x00000000e4100000)
  from space 5120K, 99% used [0x00000000e4100000,0x00000000e45fd040,0x00000000e4600000)
  to   space 10240K, 0% used [0x00000000e8c00000,0x00000000e8c00000,0x00000000e9600000)
 ParOldGen       total 87552K, used 8194K [0x00000000a0000000, 0x00000000a5580000, 0x00000000e0000000)
  object space 87552K, 9% used [0x00000000a0000000,0x00000000a0800a40,0x00000000a5580000)
 Metaspace       used 20829K, capacity 21232K, committed 21248K, reserved 1067008K
  class space    used 2918K, capacity 3071K, committed 3072K, reserved 1048576K
Event: 4.466 GC heap after
Heap after GC invocations=6 (full 1):
 PSYoungGen      total 71680K, used 0K [0x00000000e0000000, 0x00000000e9600000, 0x0000000100000000)
  eden space 66560K, 0% used [0x00000000e0000000,0x00000000e0000000,0x00000000e4100000)
  from space 5120K, 0% used [0x00000000e4100000,0x00000000e4100000,0x00000000e4600000)
  to   space 10240K, 0% used [0x00000000e8c00000,0x00000000e8c00000,0x00000000e9600000)
 ParOldGen       total 60416K, used 8078K [0x00000000a0000000, 0x00000000a3b00000, 0x00000000e0000000)
  object space 60416K, 13% used [0x00000000a0000000,0x00000000a07e39a8,0x00000000a3b00000)
 Metaspace       used 20829K, capacity 21232K, committed 21248K, reserved 1067008K
  class space    used 2918K, capacity 3071K, committed 3072K, reserved 1048576K
}
Event: 6.362 GC heap before
{Heap before GC invocations=7 (full 1):
 PSYoungGen      total 71680K, used 66560K [0x00000000e0000000, 0x00000000e9600000, 0x0000000100000000)
  eden space 66560K, 100% used [0x00000000e0000000,0x00000000e4100000,0x00000000e4100000)
  from space 5120K, 0% used [0x00000000e4100000,0x00000000e4100000,0x00000000e4600000)
  to   space 10240K, 0% used [0x00000000e8c00000,0x00000000e8c00000,0x00000000e9600000)
 ParOldGen       total 60416K, used 8078K [0x00000000a0000000, 0x00000000a3b00000, 0x00000000e0000000)
  object space 60416K, 13% used [0x00000000a0000000,0x00000000a07e39a8,0x00000000a3b00000)
 Metaspace       used 26463K, capacity 26984K, committed 27136K, reserved 1073152K
  class space    used 3637K, capacity 3809K, committed 3840K, reserved 1048576K
Event: 6.385 GC heap after
Heap after GC invocations=7 (full 1):
 PSYoungGen      total 109568K, used 6773K [0x00000000e0000000, 0x00000000e9300000, 0x0000000100000000)
  eden space 102400K, 0% used [0x00000000e0000000,0x00000000e0000000,0x00000000e6400000)
  from space 7168K, 94% used [0x00000000e8c00000,0x00000000e929d598,0x00000000e9300000)
  to   space 9728K, 0% used [0x00000000e8000000,0x00000000e8000000,0x00000000e8980000)
 ParOldGen       total 60416K, used 8086K [0x00000000a0000000, 0x00000000a3b00000, 0x00000000e0000000)
  object space 60416K, 13% used [0x00000000a0000000,0x00000000a07e59a8,0x00000000a3b00000)
 Metaspace       used 26463K, capacity 26984K, committed 27136K, reserved 1073152K
  class space    used 3637K, capacity 3809K, committed 3840K, reserved 1048576K
}
Event: 9.587 GC heap before
{Heap before GC invocations=8 (full 1):
 PSYoungGen      total 109568K, used 104925K [0x00000000e0000000, 0x00000000e9300000, 0x0000000100000000)
  eden space 102400K, 95% used [0x00000000e0000000,0x00000000e5fda008,0x00000000e6400000)
  from space 7168K, 94% used [0x00000000e8c00000,0x00000000e929d598,0x00000000e9300000)
  to   space 9728K, 0% used [0x00000000e8000000,0x00000000e8000000,0x00000000e8980000)
 ParOldGen       total 60416K, used 8086K [0x00000000a0000000, 0x00000000a3b00000, 0x00000000e0000000)
  object space 60416K, 13% used [0x00000000a0000000,0x00000000a07e59a8,0x00000000a3b00000)
 Metaspace       used 34591K, capacity 35300K, committed 35416K, reserved 1079296K
  class space    used 4839K, capacity 5091K, committed 5120K, reserved 1048576K
Event: 9.618 GC heap after
Heap after GC invocations=8 (full 1):
 PSYoungGen      total 140800K, used 9703K [0x00000000e0000000, 0x00000000eb000000, 0x0000000100000000)
  eden space 131072K, 0% used [0x00000000e0000000,0x00000000e0000000,0x00000000e8000000)
  from space 9728K, 99% used [0x00000000e8000000,0x00000000e8979ff0,0x00000000e8980000)
  to   space 13312K, 0% used [0x00000000ea300000,0x00000000ea300000,0x00000000eb000000)
 ParOldGen       total 60416K, used 12677K [0x00000000a0000000, 0x00000000a3b00000, 0x00000000e0000000)
  object space 60416K, 20% used [0x00000000a0000000,0x00000000a0c61600,0x00000000a3b00000)
 Metaspace       used 34591K, capacity 35300K, committed 35416K, reserved 1079296K
  class space    used 4839K, capacity 5091K, committed 5120K, reserved 1048576K
}
Event: 9.618 GC heap before
{Heap before GC invocations=9 (full 2):
 PSYoungGen      total 140800K, used 9703K [0x00000000e0000000, 0x00000000eb000000, 0x0000000100000000)
  eden space 131072K, 0% used [0x00000000e0000000,0x00000000e0000000,0x00000000e8000000)
  from space 9728K, 99% used [0x00000000e8000000,0x00000000e8979ff0,0x00000000e8980000)
  to   space 13312K, 0% used [0x00000000ea300000,0x00000000ea300000,0x00000000eb000000)
 ParOldGen       total 60416K, used 12677K [0x00000000a0000000, 0x00000000a3b00000, 0x00000000e0000000)
  object space 60416K, 20% used [0x00000000a0000000,0x00000000a0c61600,0x00000000a3b00000)
 Metaspace       used 34591K, capacity 35300K, committed 35416K, reserved 1079296K
  class space    used 4839K, capacity 5091K, committed 5120K, reserved 1048576K
Event: 9.751 GC heap after
Heap after GC invocations=9 (full 2):
 PSYoungGen      total 140800K, used 0K [0x00000000e0000000, 0x00000000eb000000, 0x0000000100000000)
  eden space 131072K, 0% used [0x00000000e0000000,0x00000000e0000000,0x00000000e8000000)
  from space 9728K, 0% used [0x00000000e8000000,0x00000000e8000000,0x00000000e8980000)
  to   space 13312K, 0% used [0x00000000ea300000,0x00000000ea300000,0x00000000eb000000)
 ParOldGen       total 101376K, used 20615K [0x00000000a0000000, 0x00000000a6300000, 0x00000000e0000000)
  object space 101376K, 20% used [0x00000000a0000000,0x00000000a1421dd8,0x00000000a6300000)
 Metaspace       used 34591K, capacity 35300K, committed 35416K, reserved 1079296K
  class space    used 4839K, capacity 5091K, committed 5120K, reserved 1048576K
}
Event: 12.109 GC heap before
{Heap before GC invocations=10 (full 2):
 PSYoungGen      total 140800K, used 131072K [0x00000000e0000000, 0x00000000eb000000, 0x0000000100000000)
  eden space 131072K, 100% used [0x00000000e0000000,0x00000000e8000000,0x00000000e8000000)
  from space 9728K, 0% used [0x00000000e8000000,0x00000000e8000000,0x00000000e8980000)
  to   space 13312K, 0% used [0x00000000ea300000,0x00000000ea300000,0x00000000eb000000)
 ParOldGen       total 101376K, used 20615K [0x00000000a0000000, 0x00000000a6300000, 0x00000000e0000000)
  object space 101376K, 20% used [0x00000000a0000000,0x00000000a1421dd8,0x00000000a6300000)
 Metaspace       used 42628K, capacity 43680K, committed 43904K, reserved 1087488K
  class space    used 5852K, capacity 6182K, committed 6272K, reserved 1048576K
Event: 12.143 GC heap after
Heap after GC invocations=10 (full 2):
 PSYoungGen      total 164352K, used 13298K [0x00000000e0000000, 0x00000000ed600000, 0x0000000100000000)
  eden space 151040K, 0% used [0x00000000e0000000,0x00000000e0000000,0x00000000e9380000)
  from space 13312K, 99% used [0x00000000ea300000,0x00000000eaffcb40,0x00000000eb000000)
  to   space 15872K, 0% used [0x00000000e9380000,0x00000000e9380000,0x00000000ea300000)
 ParOldGen       total 101376K, used 22152K [0x00000000a0000000, 0x00000000a6300000, 0x00000000e0000000)
  object space 101376K, 21% used [0x00000000a0000000,0x00000000a15a21f0,0x00000000a6300000)
 Metaspace       used 42628K, capacity 43680K, committed 43904K, reserved 1087488K
  class space    used 5852K, capacity 6182K, committed 6272K, reserved 1048576K
}

