# JRE version: OpenJDK Runtime Environment (8.0_152-b02) (build 1.8.0_152-release-1024-b02)
# Java VM: OpenJDK 64-Bit Server VM (25.152-b02 mixed mode windows-amd64 compressed oops)
Heap:
 PSYoungGen      total 198656K, used 17438K [0x00000000e0000000, 0x00000000f0980000, 0x0000000100000000)
  eden space 171520K, 10% used [0x00000000e0000000,0x00000000e1107818,0x00000000ea780000)
  from space 27136K, 0% used [0x00000000ea780000,0x00000000ea780000,0x00000000ec200000)
  to   space 26112K, 0% used [0x00000000ef000000,0x00000000ef000000,0x00000000f0980000)
 ParOldGen       total 102400K, used 53691K [0x00000000a0000000, 0x00000000a6400000, 0x00000000e0000000)
  object space 102400K, 52% used [0x00000000a0000000,0x00000000a346ec68,0x00000000a6400000)
 Metaspace       used 58369K, capacity 60108K, committed 60248K, reserved 1101824K
  class space    used 7836K, capacity 8254K, committed 8320K, reserved 1048576K
GC Heap History (10 events):
Event: 8.990 GC heap before
{Heap before GC invocations=10 (full 2):
 PSYoungGen      total 140800K, used 131072K [0x00000000e0000000, 0x00000000ead00000, 0x0000000100000000)
  eden space 131072K, 100% used [0x00000000e0000000,0x00000000e8000000,0x00000000e8000000)
  from space 9728K, 0% used [0x00000000e8000000,0x00000000e8000000,0x00000000e8980000)
  to   space 12288K, 0% used [0x00000000ea100000,0x00000000ea100000,0x00000000ead00000)
 ParOldGen       total 102400K, used 19416K [0x00000000a0000000, 0x00000000a6400000, 0x00000000e0000000)
  object space 102400K, 18% used [0x00000000a0000000,0x00000000a12f6018,0x00000000a6400000)
 Metaspace       used 41898K, capacity 42700K, committed 42840K, reserved 1085440K
  class space    used 5730K, capacity 5995K, committed 6016K, reserved 1048576K
Event: 9.007 GC heap after
Heap after GC invocations=10 (full 2):
 PSYoungGen      total 162304K, used 12273K [0x00000000e0000000, 0x00000000ec980000, 0x0000000100000000)
  eden space 150016K, 0% used [0x00000000e0000000,0x00000000e0000000,0x00000000e9280000)
  from space 12288K, 99% used [0x00000000ea100000,0x00000000eacfc610,0x00000000ead00000)
  to   space 14848K, 0% used [0x00000000e9280000,0x00000000e9280000,0x00000000ea100000)
 ParOldGen       total 102400K, used 21495K [0x00000000a0000000, 0x00000000a6400000, 0x00000000e0000000)
  object space 102400K, 20% used [0x00000000a0000000,0x00000000a14fdff0,0x00000000a6400000)
 Metaspace       used 41898K, capacity 42700K, committed 42840K, reserved 1085440K
  class space    used 5730K, capacity 5995K, committed 6016K, reserved 1048576K
}
Event: 15.486 GC heap before
{Heap before GC invocations=11 (full 2):
 PSYoungGen      total 162304K, used 162289K [0x00000000e0000000, 0x00000000ec980000, 0x0000000100000000)
  eden space 150016K, 100% used [0x00000000e0000000,0x00000000e9280000,0x00000000e9280000)
  from space 12288K, 99% used [0x00000000ea100000,0x00000000eacfc610,0x00000000ead00000)
  to   space 14848K, 0% used [0x00000000e9280000,0x00000000e9280000,0x00000000ea100000)
 ParOldGen       total 102400K, used 21495K [0x00000000a0000000, 0x00000000a6400000, 0x00000000e0000000)
  object space 102400K, 20% used [0x00000000a0000000,0x00000000a14fdff0,0x00000000a6400000)
 Metaspace       used 52750K, capacity 54392K, committed 54488K, reserved 1095680K
  class space    used 7251K, capacity 7643K, committed 7680K, reserved 1048576K
Event: 15.518 GC heap after
Heap after GC invocations=11 (full 2):
 PSYoungGen      total 164864K, used 14821K [0x00000000e0000000, 0x00000000ed680000, 0x0000000100000000)
  eden space 150016K, 0% used [0x00000000e0000000,0x00000000e0000000,0x00000000e9280000)
  from space 14848K, 99% used [0x00000000e9280000,0x00000000ea0f9510,0x00000000ea100000)
  to   space 20992K, 0% used [0x00000000ec200000,0x00000000ec200000,0x00000000ed680000)
 ParOldGen       total 102400K, used 31245K [0x00000000a0000000, 0x00000000a6400000, 0x00000000e0000000)
  object space 102400K, 30% used [0x00000000a0000000,0x00000000a1e83730,0x00000000a6400000)
 Metaspace       used 52750K, capacity 54392K, committed 54488K, reserved 1095680K
  class space    used 7251K, capacity 7643K, committed 7680K, reserved 1048576K
}
Event: 20.111 GC heap before
{Heap before GC invocations=12 (full 2):
 PSYoungGen      total 164864K, used 164837K [0x00000000e0000000, 0x00000000ed680000, 0x0000000100000000)
  eden space 150016K, 100% used [0x00000000e0000000,0x00000000e9280000,0x00000000e9280000)
  from space 14848K, 99% used [0x00000000e9280000,0x00000000ea0f9510,0x00000000ea100000)
  to   space 20992K, 0% used [0x00000000ec200000,0x00000000ec200000,0x00000000ed680000)
 ParOldGen       total 102400K, used 31245K [0x00000000a0000000, 0x00000000a6400000, 0x00000000e0000000)
  object space 102400K, 30% used [0x00000000a0000000,0x00000000a1e83730,0x00000000a6400000)
 Metaspace       used 55757K, capacity 57418K, committed 57688K, reserved 1099776K
  class space    used 7558K, capacity 7973K, committed 8064K, reserved 1048576K
Event: 20.149 GC heap after
Heap after GC invocations=12 (full 2):
 PSYoungGen      total 192512K, used 20962K [0x00000000e0000000, 0x00000000ee080000, 0x0000000100000000)
  eden space 171520K, 0% used [0x00000000e0000000,0x00000000e0000000,0x00000000ea780000)
  from space 20992K, 99% used [0x00000000ec200000,0x00000000ed678860,0x00000000ed680000)
  to   space 27136K, 0% used [0x00000000ea780000,0x00000000ea780000,0x00000000ec200000)
 ParOldGen       total 102400K, used 40468K [0x00000000a0000000, 0x00000000a6400000, 0x00000000e0000000)
  object space 102400K, 39% used [0x00000000a0000000,0x00000000a2785330,0x00000000a6400000)
 Metaspace       used 55757K, capacity 57418K, committed 57688K, reserved 1099776K
  class space    used 7558K, capacity 7973K, committed 8064K, reserved 1048576K
}
Event: 20.526 GC heap before
{Heap before GC invocations=13 (full 2):
 PSYoungGen      total 192512K, used 59719K [0x00000000e0000000, 0x00000000ee080000, 0x0000000100000000)
  eden space 171520K, 22% used [0x00000000e0000000,0x00000000e25d94e0,0x00000000ea780000)
  from space 20992K, 99% used [0x00000000ec200000,0x00000000ed678860,0x00000000ed680000)
  to   space 27136K, 0% used [0x00000000ea780000,0x00000000ea780000,0x00000000ec200000)
 ParOldGen       total 102400K, used 40468K [0x00000000a0000000, 0x00000000a6400000, 0x00000000e0000000)
  object space 102400K, 39% used [0x00000000a0000000,0x00000000a2785330,0x00000000a6400000)
 Metaspace       used 57237K, capacity 58952K, committed 59028K, reserved 1099776K
  class space    used 7711K, capacity 8124K, committed 8192K, reserved 1048576K
Event: 20.558 GC heap after
Heap after GC invocations=13 (full 2):
 PSYoungGen      total 198656K, used 10461K [0x00000000e0000000, 0x00000000f0980000, 0x0000000100000000)
  eden space 171520K, 0% used [0x00000000e0000000,0x00000000e0000000,0x00000000ea780000)
  from space 27136K, 38% used [0x00000000ea780000,0x00000000eb1b7768,0x00000000ec200000)
  to   space 26112K, 0% used [0x00000000ef000000,0x00000000ef000000,0x00000000f0980000)
 ParOldGen       total 102400K, used 54233K [0x00000000a0000000, 0x00000000a6400000, 0x00000000e0000000)
  object space 102400K, 52% used [0x00000000a0000000,0x00000000a34f67d8,0x00000000a6400000)
 Metaspace       used 57237K, capacity 58952K, committed 59028K, reserved 1099776K
  class space    used 7711K, capacity 8124K, committed 8192K, reserved 1048576K
}
Event: 20.558 GC heap before
{Heap before GC invocations=14 (full 3):
 PSYoungGen      total 198656K, used 10461K [0x00000000e0000000, 0x00000000f0980000, 0x0000000100000000)
  eden space 171520K, 0% used [0x00000000e0000000,0x00000000e0000000,0x00000000ea780000)
  from space 27136K, 38% used [0x00000000ea780000,0x00000000eb1b7768,0x00000000ec200000)
  to   space 26112K, 0% used [0x00000000ef000000,0x00000000ef000000,0x00000000f0980000)
 ParOldGen       total 102400K, used 54233K [0x00000000a0000000, 0x00000000a6400000, 0x00000000e0000000)
  object space 102400K, 52% used [0x00000000a0000000,0x00000000a34f67d8,0x00000000a6400000)
 Metaspace       used 57237K, capacity 58952K, committed 59028K, reserved 1099776K
  class space    used 7711K, capacity 8124K, committed 8192K, reserved 1048576K
Event: 20.871 GC heap after
Heap after GC invocations=14 (full 3):
 PSYoungGen      total 198656K, used 0K [0x00000000e0000000, 0x00000000f0980000, 0x0000000100000000)
  eden space 171520K, 0% used [0x00000000e0000000,0x00000000e0000000,0x00000000ea780000)
  from space 27136K, 0% used [0x00000000ea780000,0x00000000ea780000,0x00000000ec200000)
  to   space 26112K, 0% used [0x00000000ef000000,0x00000000ef000000,0x00000000f0980000)
 ParOldGen       total 102400K, used 53691K [0x00000000a0000000, 0x00000000a6400000, 0x00000000e0000000)
  object space 102400K, 52% used [0x00000000a0000000,0x00000000a346ec68,0x00000000a6400000)
 Metaspace       used 57237K, capacity 58952K, committed 59028K, reserved 1099776K
  class space    used 7711K, capacity 8124K, committed 8192K, reserved 1048576K
}

