# JRE version: OpenJDK Runtime Environment (8.0_152-b02) (build 1.8.0_152-release-1024-b02)
# Java VM: OpenJDK 64-Bit Server VM (25.152-b02 mixed mode windows-amd64 compressed oops)
Heap:
 PSYoungGen      total 199680K, used 36492K [0x00000000e0000000, 0x00000000efd00000, 0x0000000100000000)
  eden space 175104K, 20% used [0x00000000e0000000,0x00000000e23a3038,0x00000000eab00000)
  from space 24576K, 0% used [0x00000000eab00000,0x00000000eab00000,0x00000000ec300000)
  to   space 24064K, 0% used [0x00000000ee580000,0x00000000ee580000,0x00000000efd00000)
 ParOldGen       total 158720K, used 37297K [0x00000000a0000000, 0x00000000a9b00000, 0x00000000e0000000)
  object space 158720K, 23% used [0x00000000a0000000,0x00000000a246c5d0,0x00000000a9b00000)
 Metaspace       used 58624K, capacity 60623K, committed 60888K, reserved 1101824K
  class space    used 7923K, capacity 8416K, committed 8448K, reserved 1048576K
GC Heap History (10 events):
Event: 10.031 GC heap before
{Heap before GC invocations=10 (full 2):
 PSYoungGen      total 140800K, used 131072K [0x00000000e0000000, 0x00000000ea900000, 0x0000000100000000)
  eden space 131072K, 100% used [0x00000000e0000000,0x00000000e8000000,0x00000000e8000000)
  from space 9728K, 0% used [0x00000000e8000000,0x00000000e8000000,0x00000000e8980000)
  to   space 12288K, 0% used [0x00000000e9d00000,0x00000000e9d00000,0x00000000ea900000)
 ParOldGen       total 102400K, used 19051K [0x00000000a0000000, 0x00000000a6400000, 0x00000000e0000000)
  object space 102400K, 18% used [0x00000000a0000000,0x00000000a129aef0,0x00000000a6400000)
 Metaspace       used 41856K, capacity 42738K, committed 42840K, reserved 1085440K
  class space    used 5736K, capacity 6016K, committed 6016K, reserved 1048576K
Event: 10.054 GC heap after
Heap after GC invocations=10 (full 2):
 PSYoungGen      total 158208K, used 12259K [0x00000000e0000000, 0x00000000ece00000, 0x0000000100000000)
  eden space 145920K, 0% used [0x00000000e0000000,0x00000000e0000000,0x00000000e8e80000)
  from space 12288K, 99% used [0x00000000e9d00000,0x00000000ea8f8e60,0x00000000ea900000)
  to   space 14848K, 0% used [0x00000000e8e80000,0x00000000e8e80000,0x00000000e9d00000)
 ParOldGen       total 102400K, used 21497K [0x00000000a0000000, 0x00000000a6400000, 0x00000000e0000000)
  object space 102400K, 20% used [0x00000000a0000000,0x00000000a14fe588,0x00000000a6400000)
 Metaspace       used 41856K, capacity 42738K, committed 42840K, reserved 1085440K
  class space    used 5736K, capacity 6016K, committed 6016K, reserved 1048576K
}
Event: 12.727 GC heap before
{Heap before GC invocations=11 (full 2):
 PSYoungGen      total 158208K, used 158179K [0x00000000e0000000, 0x00000000ece00000, 0x0000000100000000)
  eden space 145920K, 100% used [0x00000000e0000000,0x00000000e8e80000,0x00000000e8e80000)
  from space 12288K, 99% used [0x00000000e9d00000,0x00000000ea8f8e60,0x00000000ea900000)
  to   space 14848K, 0% used [0x00000000e8e80000,0x00000000e8e80000,0x00000000e9d00000)
 ParOldGen       total 102400K, used 21497K [0x00000000a0000000, 0x00000000a6400000, 0x00000000e0000000)
  object space 102400K, 20% used [0x00000000a0000000,0x00000000a14fe588,0x00000000a6400000)
 Metaspace       used 52823K, capacity 54498K, committed 54616K, reserved 1095680K
  class space    used 7290K, capacity 7730K, committed 7808K, reserved 1048576K
Event: 12.758 GC heap after
Heap after GC invocations=11 (full 2):
 PSYoungGen      total 160768K, used 14845K [0x00000000e0000000, 0x00000000ed780000, 0x0000000100000000)
  eden space 145920K, 0% used [0x00000000e0000000,0x00000000e0000000,0x00000000e8e80000)
  from space 14848K, 99% used [0x00000000e8e80000,0x00000000e9cff520,0x00000000e9d00000)
  to   space 20992K, 0% used [0x00000000ec300000,0x00000000ec300000,0x00000000ed780000)
 ParOldGen       total 102400K, used 31080K [0x00000000a0000000, 0x00000000a6400000, 0x00000000e0000000)
  object space 102400K, 30% used [0x00000000a0000000,0x00000000a1e5a218,0x00000000a6400000)
 Metaspace       used 52823K, capacity 54498K, committed 54616K, reserved 1095680K
  class space    used 7290K, capacity 7730K, committed 7808K, reserved 1048576K
}
Event: 16.995 GC heap before
{Heap before GC invocations=12 (full 2):
 PSYoungGen      total 160768K, used 160765K [0x00000000e0000000, 0x00000000ed780000, 0x0000000100000000)
  eden space 145920K, 100% used [0x00000000e0000000,0x00000000e8e80000,0x00000000e8e80000)
  from space 14848K, 99% used [0x00000000e8e80000,0x00000000e9cff520,0x00000000e9d00000)
  to   space 20992K, 0% used [0x00000000ec300000,0x00000000ec300000,0x00000000ed780000)
 ParOldGen       total 102400K, used 31080K [0x00000000a0000000, 0x00000000a6400000, 0x00000000e0000000)
  object space 102400K, 30% used [0x00000000a0000000,0x00000000a1e5a218,0x00000000a6400000)
 Metaspace       used 56706K, capacity 58614K, committed 58840K, reserved 1099776K
  class space    used 7694K, capacity 8177K, committed 8192K, reserved 1048576K
Event: 17.029 GC heap after
Heap after GC invocations=12 (full 2):
 PSYoungGen      total 196096K, used 20989K [0x00000000e0000000, 0x00000000edc80000, 0x0000000100000000)
  eden space 175104K, 0% used [0x00000000e0000000,0x00000000e0000000,0x00000000eab00000)
  from space 20992K, 99% used [0x00000000ec300000,0x00000000ed77f500,0x00000000ed780000)
  to   space 24576K, 0% used [0x00000000eab00000,0x00000000eab00000,0x00000000ec300000)
 ParOldGen       total 102400K, used 32453K [0x00000000a0000000, 0x00000000a6400000, 0x00000000e0000000)
  object space 102400K, 31% used [0x00000000a0000000,0x00000000a1fb1498,0x00000000a6400000)
 Metaspace       used 56706K, capacity 58614K, committed 58840K, reserved 1099776K
  class space    used 7694K, capacity 8177K, committed 8192K, reserved 1048576K
}
Event: 19.649 GC heap before
{Heap before GC invocations=13 (full 2):
 PSYoungGen      total 196096K, used 71720K [0x00000000e0000000, 0x00000000edc80000, 0x0000000100000000)
  eden space 175104K, 28% used [0x00000000e0000000,0x00000000e318ac20,0x00000000eab00000)
  from space 20992K, 99% used [0x00000000ec300000,0x00000000ed77f500,0x00000000ed780000)
  to   space 24576K, 0% used [0x00000000eab00000,0x00000000eab00000,0x00000000ec300000)
 ParOldGen       total 102400K, used 32453K [0x00000000a0000000, 0x00000000a6400000, 0x00000000e0000000)
  object space 102400K, 31% used [0x00000000a0000000,0x00000000a1fb1498,0x00000000a6400000)
 Metaspace       used 57145K, capacity 58949K, committed 59028K, reserved 1099776K
  class space    used 7740K, capacity 8192K, committed 8192K, reserved 1048576K
Event: 19.674 GC heap after
Heap after GC invocations=13 (full 2):
 PSYoungGen      total 199680K, used 6400K [0x00000000e0000000, 0x00000000efd00000, 0x0000000100000000)
  eden space 175104K, 0% used [0x00000000e0000000,0x00000000e0000000,0x00000000eab00000)
  from space 24576K, 26% used [0x00000000eab00000,0x00000000eb140000,0x00000000ec300000)
  to   space 24064K, 0% used [0x00000000ee580000,0x00000000ee580000,0x00000000efd00000)
 ParOldGen       total 102400K, used 47136K [0x00000000a0000000, 0x00000000a6400000, 0x00000000e0000000)
  object space 102400K, 46% used [0x00000000a0000000,0x00000000a2e08028,0x00000000a6400000)
 Metaspace       used 57145K, capacity 58949K, committed 59028K, reserved 1099776K
  class space    used 7740K, capacity 8192K, committed 8192K, reserved 1048576K
}
Event: 19.674 GC heap before
{Heap before GC invocations=14 (full 3):
 PSYoungGen      total 199680K, used 6400K [0x00000000e0000000, 0x00000000efd00000, 0x0000000100000000)
  eden space 175104K, 0% used [0x00000000e0000000,0x00000000e0000000,0x00000000eab00000)
  from space 24576K, 26% used [0x00000000eab00000,0x00000000eb140000,0x00000000ec300000)
  to   space 24064K, 0% used [0x00000000ee580000,0x00000000ee580000,0x00000000efd00000)
 ParOldGen       total 102400K, used 47136K [0x00000000a0000000, 0x00000000a6400000, 0x00000000e0000000)
  object space 102400K, 46% used [0x00000000a0000000,0x00000000a2e08028,0x00000000a6400000)
 Metaspace       used 57145K, capacity 58949K, committed 59028K, reserved 1099776K
  class space    used 7740K, capacity 8192K, committed 8192K, reserved 1048576K
Event: 19.947 GC heap after
Heap after GC invocations=14 (full 3):
 PSYoungGen      total 199680K, used 0K [0x00000000e0000000, 0x00000000efd00000, 0x0000000100000000)
  eden space 175104K, 0% used [0x00000000e0000000,0x00000000e0000000,0x00000000eab00000)
  from space 24576K, 0% used [0x00000000eab00000,0x00000000eab00000,0x00000000ec300000)
  to   space 24064K, 0% used [0x00000000ee580000,0x00000000ee580000,0x00000000efd00000)
 ParOldGen       total 158720K, used 37297K [0x00000000a0000000, 0x00000000a9b00000, 0x00000000e0000000)
  object space 158720K, 23% used [0x00000000a0000000,0x00000000a246c5d0,0x00000000a9b00000)
 Metaspace       used 57145K, capacity 58949K, committed 59028K, reserved 1099776K
  class space    used 7740K, capacity 8192K, committed 8192K, reserved 1048576K
}

